{"/Users/abdel/dev/me/k1-starknet-adapter/src/atomicConfig.ts": {"path":"/Users/abdel/dev/me/k1-starknet-adapter/src/atomicConfig.ts","statementMap":{"0":{"start":{"line":35,"column":0},"end":{"line":35,"column":16}},"1":{"start":{"line":60,"column":0},"end":{"line":60,"column":16}},"2":{"start":{"line":121,"column":0},"end":{"line":121,"column":16}},"3":{"start":{"line":1,"column":0},"end":{"line":1,"column":49}},"4":{"start":{"line":36,"column":2},"end":{"line":49,"column":4}},"5":{"start":{"line":55,"column":13},"end":{"line":55,"column":69}},"6":{"start":{"line":61,"column":2},"end":{"line":65,"column":5}},"7":{"start":{"line":67,"column":2},"end":{"line":71,"column":5}},"8":{"start":{"line":73,"column":2},"end":{"line":75,"column":3}},"9":{"start":{"line":74,"column":4},"end":{"line":74,"column":52}},"10":{"start":{"line":77,"column":2},"end":{"line":79,"column":3}},"11":{"start":{"line":78,"column":4},"end":{"line":78,"column":76}},"12":{"start":{"line":81,"column":2},"end":{"line":83,"column":3}},"13":{"start":{"line":82,"column":4},"end":{"line":82,"column":80}},"14":{"start":{"line":85,"column":2},"end":{"line":87,"column":3}},"15":{"start":{"line":86,"column":4},"end":{"line":86,"column":80}},"16":{"start":{"line":89,"column":2},"end":{"line":91,"column":3}},"17":{"start":{"line":90,"column":4},"end":{"line":90,"column":87}},"18":{"start":{"line":93,"column":2},"end":{"line":95,"column":3}},"19":{"start":{"line":94,"column":4},"end":{"line":94,"column":88}},"20":{"start":{"line":101,"column":13},"end":{"line":116,"column":2}},"21":{"start":{"line":122,"column":2},"end":{"line":122,"column":32}},"22":{"start":{"line":128,"column":13},"end":{"line":141,"column":2}}},"fnMap":{"0":{"name":"createDefaultConfig","decl":{"start":{"line":35,"column":16},"end":{"line":35,"column":35}},"loc":{"start":{"line":35,"column":35},"end":{"line":50,"column":1}}},"1":{"name":"validateConfig","decl":{"start":{"line":60,"column":16},"end":{"line":60,"column":30}},"loc":{"start":{"line":60,"column":55},"end":{"line":96,"column":1}}},"2":{"name":"getNetworkConfig","decl":{"start":{"line":121,"column":16},"end":{"line":121,"column":32}},"loc":{"start":{"line":121,"column":63},"end":{"line":123,"column":1}}}},"branchMap":{"0":{"loc":{"start":{"line":37,"column":20},"end":{"line":37,"column":106}},"type":"binary-expr","locations":[{"start":{"line":37,"column":20},"end":{"line":37,"column":48}},{"start":{"line":37,"column":52},"end":{"line":37,"column":106}}]},"1":{"loc":{"start":{"line":38,"column":20},"end":{"line":38,"column":111}},"type":"cond-expr","locations":[{"start":{"line":38,"column":64},"end":{"line":38,"column":86}},{"start":{"line":38,"column":89},"end":{"line":38,"column":111}}]},"2":{"loc":{"start":{"line":44,"column":32},"end":{"line":44,"column":74}},"type":"binary-expr","locations":[{"start":{"line":44,"column":32},"end":{"line":44,"column":63}},{"start":{"line":44,"column":67},"end":{"line":44,"column":74}}]},"3":{"loc":{"start":{"line":45,"column":33},"end":{"line":45,"column":76}},"type":"binary-expr","locations":[{"start":{"line":45,"column":33},"end":{"line":45,"column":65}},{"start":{"line":45,"column":69},"end":{"line":45,"column":76}}]},"4":{"loc":{"start":{"line":46,"column":36},"end":{"line":46,"column":85}},"type":"binary-expr","locations":[{"start":{"line":46,"column":36},"end":{"line":46,"column":74}},{"start":{"line":46,"column":78},"end":{"line":46,"column":85}}]},"5":{"loc":{"start":{"line":47,"column":22},"end":{"line":47,"column":125}},"type":"cond-expr","locations":[{"start":{"line":47,"column":55},"end":{"line":47,"column":93}},{"start":{"line":47,"column":96},"end":{"line":47,"column":125}}]},"6":{"loc":{"start":{"line":63,"column":26},"end":{"line":63,"column":85}},"type":"cond-expr","locations":[{"start":{"line":63,"column":61},"end":{"line":63,"column":73}},{"start":{"line":63,"column":76},"end":{"line":63,"column":85}}]},"7":{"loc":{"start":{"line":69,"column":24},"end":{"line":69,"column":76}},"type":"cond-expr","locations":[{"start":{"line":69,"column":52},"end":{"line":69,"column":64}},{"start":{"line":69,"column":67},"end":{"line":69,"column":76}}]},"8":{"loc":{"start":{"line":73,"column":2},"end":{"line":75,"column":3}},"type":"if","locations":[{"start":{"line":73,"column":2},"end":{"line":75,"column":3}}]},"9":{"loc":{"start":{"line":77,"column":2},"end":{"line":79,"column":3}},"type":"if","locations":[{"start":{"line":77,"column":2},"end":{"line":79,"column":3}}]},"10":{"loc":{"start":{"line":81,"column":2},"end":{"line":83,"column":3}},"type":"if","locations":[{"start":{"line":81,"column":2},"end":{"line":83,"column":3}}]},"11":{"loc":{"start":{"line":85,"column":2},"end":{"line":87,"column":3}},"type":"if","locations":[{"start":{"line":85,"column":2},"end":{"line":87,"column":3}}]},"12":{"loc":{"start":{"line":85,"column":6},"end":{"line":85,"column":86}},"type":"binary-expr","locations":[{"start":{"line":85,"column":6},"end":{"line":85,"column":41}},{"start":{"line":85,"column":45},"end":{"line":85,"column":86}}]},"13":{"loc":{"start":{"line":89,"column":2},"end":{"line":91,"column":3}},"type":"if","locations":[{"start":{"line":89,"column":2},"end":{"line":91,"column":3}}]},"14":{"loc":{"start":{"line":89,"column":6},"end":{"line":89,"column":73}},"type":"binary-expr","locations":[{"start":{"line":89,"column":6},"end":{"line":89,"column":37}},{"start":{"line":89,"column":41},"end":{"line":89,"column":73}}]},"15":{"loc":{"start":{"line":93,"column":2},"end":{"line":95,"column":3}},"type":"if","locations":[{"start":{"line":93,"column":2},"end":{"line":95,"column":3}}]},"16":{"loc":{"start":{"line":93,"column":6},"end":{"line":93,"column":75}},"type":"binary-expr","locations":[{"start":{"line":93,"column":6},"end":{"line":93,"column":38}},{"start":{"line":93,"column":42},"end":{"line":93,"column":75}}]}},"s":{"0":0,"1":0,"2":0,"3":0,"4":0,"5":0,"6":0,"7":0,"8":0,"9":0,"10":0,"11":0,"12":0,"13":0,"14":0,"15":0,"16":0,"17":0,"18":0,"19":0,"20":0,"21":0,"22":0},"f":{"0":0,"1":0,"2":0},"b":{"0":[0,0],"1":[0,0],"2":[0,0],"3":[0,0],"4":[0,0],"5":[0,0],"6":[0,0],"7":[0,0],"8":[0],"9":[0],"10":[0],"11":[0],"12":[0,0],"13":[0],"14":[0,0],"15":[0],"16":[0,0]}}
,"/Users/abdel/dev/me/k1-starknet-adapter/src/atomicSwapper.ts": {"path":"/Users/abdel/dev/me/k1-starknet-adapter/src/atomicSwapper.ts","statementMap":{"0":{"start":{"line":1,"column":0},"end":{"line":1,"column":null}},"1":{"start":{"line":7,"column":0},"end":{"line":7,"column":null}},"2":{"start":{"line":13,"column":0},"end":{"line":13,"column":null}},"3":{"start":{"line":17,"column":0},"end":{"line":17,"column":66}},"4":{"start":{"line":26,"column":10},"end":{"line":26,"column":55}},"5":{"start":{"line":27,"column":10},"end":{"line":27,"column":66}},"6":{"start":{"line":28,"column":10},"end":{"line":28,"column":32}},"7":{"start":{"line":32,"column":4},"end":{"line":32,"column":25}},"8":{"start":{"line":33,"column":4},"end":{"line":33,"column":27}},"9":{"start":{"line":37,"column":4},"end":{"line":37,"column":70}},"10":{"start":{"line":38,"column":4},"end":{"line":38,"column":38}},"11":{"start":{"line":45,"column":4},"end":{"line":47,"column":5}},"12":{"start":{"line":46,"column":6},"end":{"line":46,"column":13}},"13":{"start":{"line":49,"column":4},"end":{"line":101,"column":5}},"14":{"start":{"line":51,"column":26},"end":{"line":53,"column":8}},"15":{"start":{"line":56,"column":6},"end":{"line":81,"column":9}},"16":{"start":{"line":66,"column":10},"end":{"line":66,"column":62}},"17":{"start":{"line":68,"column":10},"end":{"line":68,"column":59}},"18":{"start":{"line":84,"column":6},"end":{"line":84,"column":32}},"19":{"start":{"line":87,"column":6},"end":{"line":92,"column":7}},"20":{"start":{"line":91,"column":8},"end":{"line":91,"column":46}},"21":{"start":{"line":94,"column":6},"end":{"line":94,"column":32}},"22":{"start":{"line":96,"column":6},"end":{"line":100,"column":8}},"23":{"start":{"line":108,"column":4},"end":{"line":113,"column":5}},"24":{"start":{"line":112,"column":6},"end":{"line":112,"column":61}},"25":{"start":{"line":115,"column":4},"end":{"line":131,"column":5}},"26":{"start":{"line":117,"column":26},"end":{"line":119,"column":8}},"27":{"start":{"line":122,"column":6},"end":{"line":124,"column":8}},"28":{"start":{"line":126,"column":6},"end":{"line":130,"column":8}},"29":{"start":{"line":140,"column":4},"end":{"line":142,"column":5}},"30":{"start":{"line":141,"column":6},"end":{"line":141,"column":73}},"31":{"start":{"line":144,"column":4},"end":{"line":148,"column":6}},"32":{"start":{"line":150,"column":4},"end":{"line":150,"column":30}},"33":{"start":{"line":157,"column":4},"end":{"line":157,"column":23}},"34":{"start":{"line":164,"column":4},"end":{"line":166,"column":5}},"35":{"start":{"line":165,"column":6},"end":{"line":165,"column":49}},"36":{"start":{"line":168,"column":4},"end":{"line":168,"column":58}},"37":{"start":{"line":183,"column":4},"end":{"line":185,"column":5}},"38":{"start":{"line":184,"column":6},"end":{"line":184,"column":49}},"39":{"start":{"line":187,"column":4},"end":{"line":205,"column":5}},"40":{"start":{"line":188,"column":19},"end":{"line":195,"column":null}},"41":{"start":{"line":198,"column":6},"end":{"line":198,"column":18}},"42":{"start":{"line":200,"column":6},"end":{"line":204,"column":8}},"43":{"start":{"line":212,"column":4},"end":{"line":214,"column":5}},"44":{"start":{"line":213,"column":6},"end":{"line":213,"column":49}},"45":{"start":{"line":216,"column":24},"end":{"line":216,"column":53}},"46":{"start":{"line":217,"column":4},"end":{"line":219,"column":5}},"47":{"start":{"line":218,"column":6},"end":{"line":218,"column":57}},"48":{"start":{"line":221,"column":4},"end":{"line":233,"column":5}},"49":{"start":{"line":222,"column":22},"end":{"line":224,"column":null}},"50":{"start":{"line":226,"column":6},"end":{"line":226,"column":21}},"51":{"start":{"line":228,"column":6},"end":{"line":232,"column":8}},"52":{"start":{"line":243,"column":4},"end":{"line":245,"column":5}},"53":{"start":{"line":244,"column":6},"end":{"line":244,"column":49}},"54":{"start":{"line":247,"column":4},"end":{"line":259,"column":5}},"55":{"start":{"line":248,"column":21},"end":{"line":250,"column":null}},"56":{"start":{"line":252,"column":6},"end":{"line":252,"column":20}},"57":{"start":{"line":254,"column":6},"end":{"line":258,"column":8}},"58":{"start":{"line":266,"column":4},"end":{"line":268,"column":5}},"59":{"start":{"line":267,"column":6},"end":{"line":267,"column":49}},"60":{"start":{"line":270,"column":4},"end":{"line":279,"column":5}},"61":{"start":{"line":271,"column":21},"end":{"line":271,"column":67}},"62":{"start":{"line":272,"column":6},"end":{"line":272,"column":20}},"63":{"start":{"line":274,"column":6},"end":{"line":278,"column":8}},"64":{"start":{"line":286,"column":4},"end":{"line":288,"column":5}},"65":{"start":{"line":287,"column":6},"end":{"line":287,"column":49}},"66":{"start":{"line":290,"column":4},"end":{"line":298,"column":5}},"67":{"start":{"line":291,"column":6},"end":{"line":291,"column":72}},"68":{"start":{"line":293,"column":6},"end":{"line":297,"column":8}},"69":{"start":{"line":305,"column":4},"end":{"line":307,"column":5}},"70":{"start":{"line":306,"column":6},"end":{"line":306,"column":49}},"71":{"start":{"line":309,"column":4},"end":{"line":317,"column":5}},"72":{"start":{"line":310,"column":6},"end":{"line":310,"column":71}},"73":{"start":{"line":312,"column":6},"end":{"line":316,"column":8}},"74":{"start":{"line":324,"column":4},"end":{"line":326,"column":5}},"75":{"start":{"line":325,"column":6},"end":{"line":325,"column":49}},"76":{"start":{"line":328,"column":4},"end":{"line":336,"column":5}},"77":{"start":{"line":329,"column":6},"end":{"line":329,"column":48}},"78":{"start":{"line":331,"column":6},"end":{"line":335,"column":8}},"79":{"start":{"line":343,"column":4},"end":{"line":345,"column":5}},"80":{"start":{"line":344,"column":6},"end":{"line":344,"column":57}},"81":{"start":{"line":346,"column":4},"end":{"line":346,"column":31}},"82":{"start":{"line":353,"column":4},"end":{"line":355,"column":5}},"83":{"start":{"line":354,"column":6},"end":{"line":354,"column":57}},"84":{"start":{"line":356,"column":4},"end":{"line":356,"column":44}},"85":{"start":{"line":363,"column":4},"end":{"line":363,"column":30}},"86":{"start":{"line":370,"column":4},"end":{"line":370,"column":58}},"87":{"start":{"line":383,"column":4},"end":{"line":385,"column":5}},"88":{"start":{"line":384,"column":6},"end":{"line":384,"column":57}},"89":{"start":{"line":387,"column":17},"end":{"line":394,"column":null}},"90":{"start":{"line":398,"column":4},"end":{"line":398,"column":43}},"91":{"start":{"line":400,"column":4},"end":{"line":400,"column":16}},"92":{"start":{"line":412,"column":4},"end":{"line":414,"column":5}},"93":{"start":{"line":413,"column":6},"end":{"line":413,"column":57}},"94":{"start":{"line":416,"column":17},"end":{"line":423,"column":null}},"95":{"start":{"line":426,"column":4},"end":{"line":426,"column":16}},"96":{"start":{"line":439,"column":4},"end":{"line":441,"column":5}},"97":{"start":{"line":440,"column":6},"end":{"line":440,"column":57}},"98":{"start":{"line":443,"column":17},"end":{"line":450,"column":null}},"99":{"start":{"line":454,"column":24},"end":{"line":454,"column":72}},"100":{"start":{"line":456,"column":4},"end":{"line":456,"column":33}},"101":{"start":{"line":468,"column":4},"end":{"line":470,"column":5}},"102":{"start":{"line":469,"column":6},"end":{"line":469,"column":57}},"103":{"start":{"line":472,"column":17},"end":{"line":478,"column":null}},"104":{"start":{"line":482,"column":4},"end":{"line":482,"column":43}},"105":{"start":{"line":484,"column":4},"end":{"line":484,"column":16}},"106":{"start":{"line":491,"column":4},"end":{"line":491,"column":30}},"107":{"start":{"line":498,"column":4},"end":{"line":500,"column":5}},"108":{"start":{"line":499,"column":6},"end":{"line":499,"column":49}},"109":{"start":{"line":501,"column":4},"end":{"line":501,"column":24}},"110":{"start":{"line":508,"column":4},"end":{"line":510,"column":5}},"111":{"start":{"line":509,"column":6},"end":{"line":509,"column":32}},"112":{"start":{"line":22,"column":0},"end":{"line":22,"column":13}}},"fnMap":{"0":{"name":"(anonymous_0)","decl":{"start":{"line":31,"column":2},"end":{"line":31,"column":14}},"loc":{"start":{"line":31,"column":38},"end":{"line":39,"column":3}}},"1":{"name":"(anonymous_1)","decl":{"start":{"line":44,"column":2},"end":{"line":44,"column":7}},"loc":{"start":{"line":44,"column":18},"end":{"line":102,"column":3}}},"2":{"name":"(anonymous_2)","decl":{"start":{"line":65,"column":21},"end":{"line":65,"column":22}},"loc":{"start":{"line":66,"column":10},"end":{"line":66,"column":62}}},"3":{"name":"(anonymous_3)","decl":{"start":{"line":67,"column":26},"end":{"line":67,"column":27}},"loc":{"start":{"line":68,"column":10},"end":{"line":68,"column":59}}},"4":{"name":"(anonymous_4)","decl":{"start":{"line":107,"column":10},"end":{"line":107,"column":15}},"loc":{"start":{"line":107,"column":40},"end":{"line":132,"column":3}}},"5":{"name":"(anonymous_5)","decl":{"start":{"line":137,"column":10},"end":{"line":137,"column":15}},"loc":{"start":{"line":138,"column":23},"end":{"line":151,"column":3}}},"6":{"name":"(anonymous_6)","decl":{"start":{"line":156,"column":2},"end":{"line":156,"column":20}},"loc":{"start":{"line":156,"column":20},"end":{"line":158,"column":3}}},"7":{"name":"(anonymous_7)","decl":{"start":{"line":163,"column":2},"end":{"line":163,"column":15}},"loc":{"start":{"line":163,"column":44},"end":{"line":169,"column":3}}},"8":{"name":"(anonymous_8)","decl":{"start":{"line":174,"column":2},"end":{"line":174,"column":7}},"loc":{"start":{"line":181,"column":17},"end":{"line":206,"column":3}}},"9":{"name":"(anonymous_9)","decl":{"start":{"line":211,"column":2},"end":{"line":211,"column":7}},"loc":{"start":{"line":211,"column":63},"end":{"line":234,"column":3}}},"10":{"name":"(anonymous_10)","decl":{"start":{"line":239,"column":2},"end":{"line":239,"column":7}},"loc":{"start":{"line":241,"column":41},"end":{"line":260,"column":3}}},"11":{"name":"(anonymous_11)","decl":{"start":{"line":265,"column":2},"end":{"line":265,"column":7}},"loc":{"start":{"line":265,"column":36},"end":{"line":280,"column":3}}},"12":{"name":"(anonymous_12)","decl":{"start":{"line":285,"column":2},"end":{"line":285,"column":7}},"loc":{"start":{"line":285,"column":42},"end":{"line":299,"column":3}}},"13":{"name":"(anonymous_13)","decl":{"start":{"line":304,"column":2},"end":{"line":304,"column":7}},"loc":{"start":{"line":304,"column":41},"end":{"line":318,"column":3}}},"14":{"name":"(anonymous_14)","decl":{"start":{"line":323,"column":2},"end":{"line":323,"column":7}},"loc":{"start":{"line":323,"column":30},"end":{"line":337,"column":3}}},"15":{"name":"(anonymous_15)","decl":{"start":{"line":342,"column":2},"end":{"line":342,"column":19}},"loc":{"start":{"line":342,"column":19},"end":{"line":347,"column":3}}},"16":{"name":"(anonymous_16)","decl":{"start":{"line":352,"column":2},"end":{"line":352,"column":20}},"loc":{"start":{"line":352,"column":20},"end":{"line":357,"column":3}}},"17":{"name":"(anonymous_17)","decl":{"start":{"line":362,"column":2},"end":{"line":362,"column":18}},"loc":{"start":{"line":362,"column":18},"end":{"line":364,"column":3}}},"18":{"name":"(anonymous_18)","decl":{"start":{"line":369,"column":2},"end":{"line":369,"column":7}},"loc":{"start":{"line":369,"column":47},"end":{"line":371,"column":3}}},"19":{"name":"(anonymous_19)","decl":{"start":{"line":376,"column":2},"end":{"line":376,"column":7}},"loc":{"start":{"line":381,"column":34},"end":{"line":401,"column":3}}},"20":{"name":"(anonymous_20)","decl":{"start":{"line":406,"column":2},"end":{"line":406,"column":7}},"loc":{"start":{"line":410,"column":36},"end":{"line":427,"column":3}}},"21":{"name":"(anonymous_21)","decl":{"start":{"line":432,"column":2},"end":{"line":432,"column":7}},"loc":{"start":{"line":437,"column":36},"end":{"line":457,"column":3}}},"22":{"name":"(anonymous_22)","decl":{"start":{"line":462,"column":2},"end":{"line":462,"column":7}},"loc":{"start":{"line":466,"column":27},"end":{"line":485,"column":3}}},"23":{"name":"(anonymous_23)","decl":{"start":{"line":490,"column":2},"end":{"line":490,"column":9}},"loc":{"start":{"line":490,"column":9},"end":{"line":492,"column":3}}},"24":{"name":"(anonymous_24)","decl":{"start":{"line":497,"column":2},"end":{"line":497,"column":12}},"loc":{"start":{"line":497,"column":12},"end":{"line":502,"column":3}}},"25":{"name":"(anonymous_25)","decl":{"start":{"line":507,"column":2},"end":{"line":507,"column":7}},"loc":{"start":{"line":507,"column":12},"end":{"line":511,"column":3}}}},"branchMap":{"0":{"loc":{"start":{"line":45,"column":4},"end":{"line":47,"column":5}},"type":"if","locations":[{"start":{"line":45,"column":4},"end":{"line":47,"column":5}}]},"1":{"loc":{"start":{"line":76,"column":12},"end":{"line":78,"column":10}},"type":"binary-expr","locations":[{"start":{"line":76,"column":12},"end":{"line":76,"column":39}},{"start":{"line":76,"column":43},"end":{"line":78,"column":10}}]},"2":{"loc":{"start":{"line":87,"column":6},"end":{"line":92,"column":7}},"type":"if","locations":[{"start":{"line":87,"column":6},"end":{"line":92,"column":7}}]},"3":{"loc":{"start":{"line":88,"column":8},"end":{"line":89,"column":42}},"type":"binary-expr","locations":[{"start":{"line":88,"column":8},"end":{"line":88,"column":38}},{"start":{"line":89,"column":8},"end":{"line":89,"column":42}}]},"4":{"loc":{"start":{"line":98,"column":10},"end":{"line":98,"column":null}},"type":"cond-expr","locations":[{"start":{"line":98,"column":35},"end":{"line":98,"column":48}},{"start":{"line":98,"column":51},"end":{"line":98,"column":null}}]},"5":{"loc":{"start":{"line":108,"column":4},"end":{"line":113,"column":5}},"type":"if","locations":[{"start":{"line":108,"column":4},"end":{"line":113,"column":5}}]},"6":{"loc":{"start":{"line":109,"column":6},"end":{"line":110,"column":41}},"type":"binary-expr","locations":[{"start":{"line":109,"column":6},"end":{"line":109,"column":37}},{"start":{"line":110,"column":6},"end":{"line":110,"column":41}}]},"7":{"loc":{"start":{"line":128,"column":10},"end":{"line":128,"column":null}},"type":"cond-expr","locations":[{"start":{"line":128,"column":35},"end":{"line":128,"column":48}},{"start":{"line":128,"column":51},"end":{"line":128,"column":null}}]},"8":{"loc":{"start":{"line":140,"column":4},"end":{"line":142,"column":5}},"type":"if","locations":[{"start":{"line":140,"column":4},"end":{"line":142,"column":5}}]},"9":{"loc":{"start":{"line":164,"column":4},"end":{"line":166,"column":5}},"type":"if","locations":[{"start":{"line":164,"column":4},"end":{"line":166,"column":5}}]},"10":{"loc":{"start":{"line":183,"column":4},"end":{"line":185,"column":5}},"type":"if","locations":[{"start":{"line":183,"column":4},"end":{"line":185,"column":5}}]},"11":{"loc":{"start":{"line":202,"column":10},"end":{"line":202,"column":null}},"type":"cond-expr","locations":[{"start":{"line":202,"column":35},"end":{"line":202,"column":48}},{"start":{"line":202,"column":51},"end":{"line":202,"column":null}}]},"12":{"loc":{"start":{"line":212,"column":4},"end":{"line":214,"column":5}},"type":"if","locations":[{"start":{"line":212,"column":4},"end":{"line":214,"column":5}}]},"13":{"loc":{"start":{"line":216,"column":24},"end":{"line":216,"column":53}},"type":"binary-expr","locations":[{"start":{"line":216,"column":24},"end":{"line":216,"column":30}},{"start":{"line":216,"column":34},"end":{"line":216,"column":53}}]},"14":{"loc":{"start":{"line":217,"column":4},"end":{"line":219,"column":5}},"type":"if","locations":[{"start":{"line":217,"column":4},"end":{"line":219,"column":5}}]},"15":{"loc":{"start":{"line":230,"column":10},"end":{"line":230,"column":null}},"type":"cond-expr","locations":[{"start":{"line":230,"column":35},"end":{"line":230,"column":48}},{"start":{"line":230,"column":51},"end":{"line":230,"column":null}}]},"16":{"loc":{"start":{"line":241,"column":4},"end":{"line":241,"column":41}},"type":"default-arg","locations":[{"start":{"line":241,"column":31},"end":{"line":241,"column":41}}]},"17":{"loc":{"start":{"line":243,"column":4},"end":{"line":245,"column":5}},"type":"if","locations":[{"start":{"line":243,"column":4},"end":{"line":245,"column":5}}]},"18":{"loc":{"start":{"line":256,"column":10},"end":{"line":256,"column":null}},"type":"cond-expr","locations":[{"start":{"line":256,"column":35},"end":{"line":256,"column":48}},{"start":{"line":256,"column":51},"end":{"line":256,"column":null}}]},"19":{"loc":{"start":{"line":266,"column":4},"end":{"line":268,"column":5}},"type":"if","locations":[{"start":{"line":266,"column":4},"end":{"line":268,"column":5}}]},"20":{"loc":{"start":{"line":276,"column":10},"end":{"line":276,"column":null}},"type":"cond-expr","locations":[{"start":{"line":276,"column":35},"end":{"line":276,"column":48}},{"start":{"line":276,"column":51},"end":{"line":276,"column":null}}]},"21":{"loc":{"start":{"line":286,"column":4},"end":{"line":288,"column":5}},"type":"if","locations":[{"start":{"line":286,"column":4},"end":{"line":288,"column":5}}]},"22":{"loc":{"start":{"line":295,"column":10},"end":{"line":295,"column":null}},"type":"cond-expr","locations":[{"start":{"line":295,"column":35},"end":{"line":295,"column":48}},{"start":{"line":295,"column":51},"end":{"line":295,"column":null}}]},"23":{"loc":{"start":{"line":305,"column":4},"end":{"line":307,"column":5}},"type":"if","locations":[{"start":{"line":305,"column":4},"end":{"line":307,"column":5}}]},"24":{"loc":{"start":{"line":314,"column":10},"end":{"line":314,"column":null}},"type":"cond-expr","locations":[{"start":{"line":314,"column":35},"end":{"line":314,"column":48}},{"start":{"line":314,"column":51},"end":{"line":314,"column":null}}]},"25":{"loc":{"start":{"line":324,"column":4},"end":{"line":326,"column":5}},"type":"if","locations":[{"start":{"line":324,"column":4},"end":{"line":326,"column":5}}]},"26":{"loc":{"start":{"line":333,"column":10},"end":{"line":333,"column":null}},"type":"cond-expr","locations":[{"start":{"line":333,"column":35},"end":{"line":333,"column":48}},{"start":{"line":333,"column":51},"end":{"line":333,"column":null}}]},"27":{"loc":{"start":{"line":343,"column":4},"end":{"line":345,"column":5}},"type":"if","locations":[{"start":{"line":343,"column":4},"end":{"line":345,"column":5}}]},"28":{"loc":{"start":{"line":353,"column":4},"end":{"line":355,"column":5}},"type":"if","locations":[{"start":{"line":353,"column":4},"end":{"line":355,"column":5}}]},"29":{"loc":{"start":{"line":380,"column":4},"end":{"line":380,"column":27}},"type":"default-arg","locations":[{"start":{"line":380,"column":23},"end":{"line":380,"column":27}}]},"30":{"loc":{"start":{"line":383,"column":4},"end":{"line":385,"column":5}},"type":"if","locations":[{"start":{"line":383,"column":4},"end":{"line":385,"column":5}}]},"31":{"loc":{"start":{"line":409,"column":4},"end":{"line":409,"column":27}},"type":"default-arg","locations":[{"start":{"line":409,"column":23},"end":{"line":409,"column":27}}]},"32":{"loc":{"start":{"line":412,"column":4},"end":{"line":414,"column":5}},"type":"if","locations":[{"start":{"line":412,"column":4},"end":{"line":414,"column":5}}]},"33":{"loc":{"start":{"line":436,"column":4},"end":{"line":436,"column":27}},"type":"default-arg","locations":[{"start":{"line":436,"column":23},"end":{"line":436,"column":27}}]},"34":{"loc":{"start":{"line":439,"column":4},"end":{"line":441,"column":5}},"type":"if","locations":[{"start":{"line":439,"column":4},"end":{"line":441,"column":5}}]},"35":{"loc":{"start":{"line":466,"column":4},"end":{"line":466,"column":27}},"type":"default-arg","locations":[{"start":{"line":466,"column":23},"end":{"line":466,"column":27}}]},"36":{"loc":{"start":{"line":468,"column":4},"end":{"line":470,"column":5}},"type":"if","locations":[{"start":{"line":468,"column":4},"end":{"line":470,"column":5}}]},"37":{"loc":{"start":{"line":498,"column":4},"end":{"line":500,"column":5}},"type":"if","locations":[{"start":{"line":498,"column":4},"end":{"line":500,"column":5}}]},"38":{"loc":{"start":{"line":508,"column":4},"end":{"line":510,"column":5}},"type":"if","locations":[{"start":{"line":508,"column":4},"end":{"line":510,"column":5}}]}},"s":{"0":0,"1":0,"2":0,"3":0,"4":0,"5":0,"6":0,"7":0,"8":0,"9":0,"10":0,"11":0,"12":0,"13":0,"14":0,"15":0,"16":0,"17":0,"18":0,"19":0,"20":0,"21":0,"22":0,"23":0,"24":0,"25":0,"26":0,"27":0,"28":0,"29":0,"30":0,"31":0,"32":0,"33":0,"34":0,"35":0,"36":0,"37":0,"38":0,"39":0,"40":0,"41":0,"42":0,"43":0,"44":0,"45":0,"46":0,"47":0,"48":0,"49":0,"50":0,"51":0,"52":0,"53":0,"54":0,"55":0,"56":0,"57":0,"58":0,"59":0,"60":0,"61":0,"62":0,"63":0,"64":0,"65":0,"66":0,"67":0,"68":0,"69":0,"70":0,"71":0,"72":0,"73":0,"74":0,"75":0,"76":0,"77":0,"78":0,"79":0,"80":0,"81":0,"82":0,"83":0,"84":0,"85":0,"86":0,"87":0,"88":0,"89":0,"90":0,"91":0,"92":0,"93":0,"94":0,"95":0,"96":0,"97":0,"98":0,"99":0,"100":0,"101":0,"102":0,"103":0,"104":0,"105":0,"106":0,"107":0,"108":0,"109":0,"110":0,"111":0,"112":0},"f":{"0":0,"1":0,"2":0,"3":0,"4":0,"5":0,"6":0,"7":0,"8":0,"9":0,"10":0,"11":0,"12":0,"13":0,"14":0,"15":0,"16":0,"17":0,"18":0,"19":0,"20":0,"21":0,"22":0,"23":0,"24":0,"25":0},"b":{"0":[0],"1":[0,0],"2":[0],"3":[0,0],"4":[0,0],"5":[0],"6":[0,0],"7":[0,0],"8":[0],"9":[0],"10":[0],"11":[0,0],"12":[0],"13":[0,0],"14":[0],"15":[0,0],"16":[0],"17":[0],"18":[0,0],"19":[0],"20":[0,0],"21":[0],"22":[0,0],"23":[0],"24":[0,0],"25":[0],"26":[0,0],"27":[0],"28":[0],"29":[0],"30":[0],"31":[0],"32":[0],"33":[0],"34":[0],"35":[0],"36":[0],"37":[0],"38":[0]}}
,"/Users/abdel/dev/me/k1-starknet-adapter/src/balanceService.ts": {"path":"/Users/abdel/dev/me/k1-starknet-adapter/src/balanceService.ts","statementMap":{"0":{"start":{"line":1,"column":0},"end":{"line":1,"column":49}},"1":{"start":{"line":2,"column":0},"end":{"line":2,"column":25}},"2":{"start":{"line":3,"column":0},"end":{"line":3,"column":34}},"3":{"start":{"line":6,"column":30},"end":{"line":6,"column":98}},"4":{"start":{"line":9,"column":16},"end":{"line":9,"column":98}},"5":{"start":{"line":26,"column":4},"end":{"line":26,"column":72}},"6":{"start":{"line":27,"column":4},"end":{"line":27,"column":84}},"7":{"start":{"line":31,"column":4},"end":{"line":74,"column":5}},"8":{"start":{"line":32,"column":6},"end":{"line":32,"column":67}},"9":{"start":{"line":35,"column":6},"end":{"line":37,"column":7}},"10":{"start":{"line":36,"column":8},"end":{"line":36,"column":59}},"11":{"start":{"line":40,"column":28},"end":{"line":40,"column":71}},"12":{"start":{"line":43,"column":29},"end":{"line":43,"column":63}},"13":{"start":{"line":44,"column":23},"end":{"line":44,"column":63}},"14":{"start":{"line":47,"column":27},"end":{"line":47,"column":59}},"15":{"start":{"line":50,"column":22},"end":{"line":50,"column":57}},"16":{"start":{"line":51,"column":28},"end":{"line":51,"column":46}},"17":{"start":{"line":54,"column":31},"end":{"line":54,"column":68}},"18":{"start":{"line":57,"column":28},"end":{"line":57,"column":66}},"19":{"start":{"line":59,"column":6},"end":{"line":59,"column":99}},"20":{"start":{"line":61,"column":6},"end":{"line":69,"column":8}},"21":{"start":{"line":72,"column":6},"end":{"line":72,"column":59}},"22":{"start":{"line":73,"column":6},"end":{"line":73,"column":18}},"23":{"start":{"line":80,"column":21},"end":{"line":80,"column":39}},"24":{"start":{"line":81,"column":4},"end":{"line":81,"column":81}},"25":{"start":{"line":85,"column":4},"end":{"line":91,"column":5}},"26":{"start":{"line":86,"column":6},"end":{"line":86,"column":27}},"27":{"start":{"line":87,"column":11},"end":{"line":91,"column":5}},"28":{"start":{"line":88,"column":6},"end":{"line":88,"column":19}},"29":{"start":{"line":89,"column":11},"end":{"line":91,"column":5}},"30":{"start":{"line":90,"column":6},"end":{"line":90,"column":33}},"31":{"start":{"line":93,"column":4},"end":{"line":93,"column":13}},"32":{"start":{"line":98,"column":4},"end":{"line":110,"column":5}},"33":{"start":{"line":99,"column":6},"end":{"line":99,"column":21}},"34":{"start":{"line":102,"column":9},"end":{"line":110,"column":5}},"35":{"start":{"line":103,"column":18},"end":{"line":103,"column":37}},"36":{"start":{"line":104,"column":19},"end":{"line":104,"column":39}},"37":{"start":{"line":105,"column":6},"end":{"line":105,"column":34}},"38":{"start":{"line":108,"column":9},"end":{"line":110,"column":5}},"39":{"start":{"line":109,"column":6},"end":{"line":109,"column":29}},"40":{"start":{"line":111,"column":4},"end":{"line":111,"column":21}},"41":{"start":{"line":115,"column":20},"end":{"line":115,"column":50}},"42":{"start":{"line":116,"column":22},"end":{"line":116,"column":39}},"43":{"start":{"line":117,"column":27},"end":{"line":117,"column":44}},"44":{"start":{"line":119,"column":4},"end":{"line":121,"column":5}},"45":{"start":{"line":120,"column":6},"end":{"line":120,"column":34}},"46":{"start":{"line":123,"column":26},"end":{"line":123,"column":75}},"47":{"start":{"line":124,"column":30},"end":{"line":124,"column":62}},"48":{"start":{"line":126,"column":4},"end":{"line":128,"column":5}},"49":{"start":{"line":127,"column":6},"end":{"line":127,"column":34}},"50":{"start":{"line":130,"column":4},"end":{"line":130,"column":47}},"51":{"start":{"line":139,"column":4},"end":{"line":141,"column":5}},"52":{"start":{"line":140,"column":6},"end":{"line":140,"column":36}},"53":{"start":{"line":144,"column":27},"end":{"line":144,"column":44}},"54":{"start":{"line":145,"column":25},"end":{"line":145,"column":55}},"55":{"start":{"line":148,"column":21},"end":{"line":148,"column":66}},"56":{"start":{"line":150,"column":4},"end":{"line":150,"column":31}},"57":{"start":{"line":155,"column":4},"end":{"line":168,"column":5}},"58":{"start":{"line":156,"column":6},"end":{"line":156,"column":18}},"59":{"start":{"line":157,"column":11},"end":{"line":168,"column":5}},"60":{"start":{"line":159,"column":18},"end":{"line":159,"column":43}},"61":{"start":{"line":160,"column":16},"end":{"line":160,"column":18}},"62":{"start":{"line":161,"column":6},"end":{"line":166,"column":7}},"63":{"start":{"line":161,"column":19},"end":{"line":161,"column":20}},"64":{"start":{"line":162,"column":21},"end":{"line":162,"column":37}},"65":{"start":{"line":163,"column":8},"end":{"line":165,"column":9}},"66":{"start":{"line":164,"column":10},"end":{"line":164,"column":57}},"67":{"start":{"line":167,"column":6},"end":{"line":167,"column":27}},"68":{"start":{"line":169,"column":4},"end":{"line":169,"column":18}},"69":{"start":{"line":21,"column":0},"end":{"line":21,"column":13}}},"fnMap":{"0":{"name":"(anonymous_9)","decl":{"start":{"line":25,"column":2},"end":{"line":25,"column":null}},"loc":{"start":{"line":25,"column":2},"end":{"line":28,"column":3}}},"1":{"name":"(anonymous_10)","decl":{"start":{"line":30,"column":2},"end":{"line":30,"column":7}},"loc":{"start":{"line":30,"column":38},"end":{"line":75,"column":3}}},"2":{"name":"(anonymous_11)","decl":{"start":{"line":77,"column":10},"end":{"line":77,"column":32}},"loc":{"start":{"line":77,"column":48},"end":{"line":82,"column":3}}},"3":{"name":"(anonymous_12)","decl":{"start":{"line":84,"column":10},"end":{"line":84,"column":29}},"loc":{"start":{"line":84,"column":40},"end":{"line":94,"column":3}}},"4":{"name":"(anonymous_13)","decl":{"start":{"line":96,"column":10},"end":{"line":96,"column":25}},"loc":{"start":{"line":96,"column":38},"end":{"line":112,"column":3}}},"5":{"name":"(anonymous_14)","decl":{"start":{"line":114,"column":10},"end":{"line":114,"column":23}},"loc":{"start":{"line":114,"column":57},"end":{"line":131,"column":3}}},"6":{"name":"(anonymous_15)","decl":{"start":{"line":133,"column":10},"end":{"line":133,"column":24}},"loc":{"start":{"line":133,"column":62},"end":{"line":151,"column":3}}},"7":{"name":"(anonymous_16)","decl":{"start":{"line":153,"column":10},"end":{"line":153,"column":22}},"loc":{"start":{"line":153,"column":32},"end":{"line":170,"column":3}}}},"branchMap":{"0":{"loc":{"start":{"line":35,"column":6},"end":{"line":37,"column":7}},"type":"if","locations":[{"start":{"line":35,"column":6},"end":{"line":37,"column":7}}]},"1":{"loc":{"start":{"line":81,"column":11},"end":{"line":81,"column":80}},"type":"binary-expr","locations":[{"start":{"line":81,"column":11},"end":{"line":81,"column":33}},{"start":{"line":81,"column":37},"end":{"line":81,"column":56}},{"start":{"line":81,"column":60},"end":{"line":81,"column":80}}]},"2":{"loc":{"start":{"line":85,"column":4},"end":{"line":91,"column":5}},"type":"if","locations":[{"start":{"line":85,"column":4},"end":{"line":91,"column":5}},{"start":{"line":87,"column":11},"end":{"line":91,"column":5}}]},"3":{"loc":{"start":{"line":87,"column":11},"end":{"line":91,"column":5}},"type":"if","locations":[{"start":{"line":87,"column":11},"end":{"line":91,"column":5}},{"start":{"line":89,"column":11},"end":{"line":91,"column":5}}]},"4":{"loc":{"start":{"line":89,"column":11},"end":{"line":91,"column":5}},"type":"if","locations":[{"start":{"line":89,"column":11},"end":{"line":91,"column":5}}]},"5":{"loc":{"start":{"line":98,"column":4},"end":{"line":110,"column":5}},"type":"if","locations":[{"start":{"line":98,"column":4},"end":{"line":110,"column":5}},{"start":{"line":102,"column":9},"end":{"line":110,"column":5}}]},"6":{"loc":{"start":{"line":102,"column":9},"end":{"line":110,"column":5}},"type":"if","locations":[{"start":{"line":102,"column":9},"end":{"line":110,"column":5}},{"start":{"line":108,"column":9},"end":{"line":110,"column":5}}]},"7":{"loc":{"start":{"line":102,"column":13},"end":{"line":102,"column":99}},"type":"binary-expr","locations":[{"start":{"line":102,"column":13},"end":{"line":102,"column":40}},{"start":{"line":102,"column":44},"end":{"line":102,"column":69}},{"start":{"line":102,"column":73},"end":{"line":102,"column":99}}]},"8":{"loc":{"start":{"line":108,"column":9},"end":{"line":110,"column":5}},"type":"if","locations":[{"start":{"line":108,"column":9},"end":{"line":110,"column":5}}]},"9":{"loc":{"start":{"line":108,"column":13},"end":{"line":108,"column":71}},"type":"binary-expr","locations":[{"start":{"line":108,"column":13},"end":{"line":108,"column":40}},{"start":{"line":108,"column":44},"end":{"line":108,"column":71}}]},"10":{"loc":{"start":{"line":119,"column":4},"end":{"line":121,"column":5}},"type":"if","locations":[{"start":{"line":119,"column":4},"end":{"line":121,"column":5}}]},"11":{"loc":{"start":{"line":126,"column":4},"end":{"line":128,"column":5}},"type":"if","locations":[{"start":{"line":126,"column":4},"end":{"line":128,"column":5}}]},"12":{"loc":{"start":{"line":139,"column":4},"end":{"line":141,"column":5}},"type":"if","locations":[{"start":{"line":139,"column":4},"end":{"line":141,"column":5}}]},"13":{"loc":{"start":{"line":155,"column":4},"end":{"line":168,"column":5}},"type":"if","locations":[{"start":{"line":155,"column":4},"end":{"line":168,"column":5}},{"start":{"line":157,"column":11},"end":{"line":168,"column":5}}]},"14":{"loc":{"start":{"line":157,"column":11},"end":{"line":168,"column":5}},"type":"if","locations":[{"start":{"line":157,"column":11},"end":{"line":168,"column":5}}]},"15":{"loc":{"start":{"line":157,"column":15},"end":{"line":157,"column":67}},"type":"binary-expr","locations":[{"start":{"line":157,"column":15},"end":{"line":157,"column":39}},{"start":{"line":157,"column":43},"end":{"line":157,"column":67}}]},"16":{"loc":{"start":{"line":163,"column":8},"end":{"line":165,"column":9}},"type":"if","locations":[{"start":{"line":163,"column":8},"end":{"line":165,"column":9}}]},"17":{"loc":{"start":{"line":167,"column":13},"end":{"line":167,"column":26}},"type":"binary-expr","locations":[{"start":{"line":167,"column":13},"end":{"line":167,"column":16}},{"start":{"line":167,"column":20},"end":{"line":167,"column":26}}]}},"s":{"0":0,"1":0,"2":0,"3":0,"4":0,"5":0,"6":0,"7":0,"8":0,"9":0,"10":0,"11":0,"12":0,"13":0,"14":0,"15":0,"16":0,"17":0,"18":0,"19":0,"20":0,"21":0,"22":0,"23":0,"24":0,"25":0,"26":0,"27":0,"28":0,"29":0,"30":0,"31":0,"32":0,"33":0,"34":0,"35":0,"36":0,"37":0,"38":0,"39":0,"40":0,"41":0,"42":0,"43":0,"44":0,"45":0,"46":0,"47":0,"48":0,"49":0,"50":0,"51":0,"52":0,"53":0,"54":0,"55":0,"56":0,"57":0,"58":0,"59":0,"60":0,"61":0,"62":0,"63":0,"64":0,"65":0,"66":0,"67":0,"68":0,"69":0},"f":{"0":0,"1":0,"2":0,"3":0,"4":0,"5":0,"6":0,"7":0},"b":{"0":[0],"1":[0,0,0],"2":[0,0],"3":[0,0],"4":[0],"5":[0,0],"6":[0,0],"7":[0,0,0],"8":[0],"9":[0,0],"10":[0],"11":[0],"12":[0],"13":[0,0],"14":[0],"15":[0,0],"16":[0],"17":[0,0]}}
,"/Users/abdel/dev/me/k1-starknet-adapter/src/config.ts": {"path":"/Users/abdel/dev/me/k1-starknet-adapter/src/config.ts","statementMap":{"0":{"start":{"line":93,"column":0},"end":{"line":93,"column":16}},"1":{"start":{"line":15,"column":0},"end":{"line":15,"column":28}},"2":{"start":{"line":18,"column":0},"end":{"line":18,"column":16}},"3":{"start":{"line":30,"column":13},"end":{"line":66,"column":2}},"4":{"start":{"line":94,"column":19},"end":{"line":98,"column":4}},"5":{"start":{"line":100,"column":18},"end":{"line":100,"column":59}},"6":{"start":{"line":100,"column":41},"end":{"line":100,"column":58}},"7":{"start":{"line":102,"column":2},"end":{"line":104,"column":3}},"8":{"start":{"line":103,"column":4},"end":{"line":103,"column":85}}},"fnMap":{"0":{"name":"validateConfig","decl":{"start":{"line":93,"column":16},"end":{"line":93,"column":30}},"loc":{"start":{"line":93,"column":30},"end":{"line":105,"column":1}}},"1":{"name":"(anonymous_2)","decl":{"start":{"line":100,"column":34},"end":{"line":100,"column":37}},"loc":{"start":{"line":100,"column":41},"end":{"line":100,"column":58}}}},"branchMap":{"0":{"loc":{"start":{"line":32,"column":8},"end":{"line":32,"column":32}},"type":"binary-expr","locations":[{"start":{"line":32,"column":8},"end":{"line":32,"column":24}},{"start":{"line":32,"column":28},"end":{"line":32,"column":32}}]},"1":{"loc":{"start":{"line":35,"column":18},"end":{"line":35,"column":104}},"type":"binary-expr","locations":[{"start":{"line":35,"column":18},"end":{"line":35,"column":46}},{"start":{"line":35,"column":50},"end":{"line":35,"column":104}}]},"2":{"loc":{"start":{"line":38,"column":22},"end":{"line":38,"column":60}},"type":"binary-expr","locations":[{"start":{"line":38,"column":22},"end":{"line":38,"column":54}},{"start":{"line":38,"column":58},"end":{"line":38,"column":60}}]},"3":{"loc":{"start":{"line":41,"column":26},"end":{"line":41,"column":68}},"type":"binary-expr","locations":[{"start":{"line":41,"column":26},"end":{"line":41,"column":62}},{"start":{"line":41,"column":66},"end":{"line":41,"column":68}}]},"4":{"loc":{"start":{"line":44,"column":18},"end":{"line":44,"column":58}},"type":"binary-expr","locations":[{"start":{"line":44,"column":18},"end":{"line":44,"column":45}},{"start":{"line":44,"column":49},"end":{"line":44,"column":58}}]},"5":{"loc":{"start":{"line":47,"column":23},"end":{"line":47,"column":62}},"type":"binary-expr","locations":[{"start":{"line":47,"column":23},"end":{"line":47,"column":56}},{"start":{"line":47,"column":60},"end":{"line":47,"column":62}}]},"6":{"loc":{"start":{"line":50,"column":25},"end":{"line":50,"column":101}},"type":"binary-expr","locations":[{"start":{"line":50,"column":25},"end":{"line":50,"column":60}},{"start":{"line":50,"column":64},"end":{"line":50,"column":101}}]},"7":{"loc":{"start":{"line":53,"column":20},"end":{"line":53,"column":75}},"type":"binary-expr","locations":[{"start":{"line":53,"column":20},"end":{"line":53,"column":50}},{"start":{"line":53,"column":54},"end":{"line":53,"column":75}}]},"8":{"loc":{"start":{"line":56,"column":36},"end":{"line":56,"column":85}},"type":"binary-expr","locations":[{"start":{"line":56,"column":36},"end":{"line":56,"column":74}},{"start":{"line":56,"column":78},"end":{"line":56,"column":85}}]},"9":{"loc":{"start":{"line":59,"column":30},"end":{"line":59,"column":72}},"type":"binary-expr","locations":[{"start":{"line":59,"column":30},"end":{"line":59,"column":61}},{"start":{"line":59,"column":65},"end":{"line":59,"column":72}}]},"10":{"loc":{"start":{"line":62,"column":31},"end":{"line":62,"column":74}},"type":"binary-expr","locations":[{"start":{"line":62,"column":31},"end":{"line":62,"column":63}},{"start":{"line":62,"column":67},"end":{"line":62,"column":74}}]},"11":{"loc":{"start":{"line":102,"column":2},"end":{"line":104,"column":3}},"type":"if","locations":[{"start":{"line":102,"column":2},"end":{"line":104,"column":3}}]}},"s":{"0":0,"1":0,"2":0,"3":0,"4":0,"5":0,"6":0,"7":0,"8":0},"f":{"0":0,"1":0},"b":{"0":[0,0],"1":[0,0],"2":[0,0],"3":[0,0],"4":[0,0],"5":[0,0],"6":[0,0],"7":[0,0],"8":[0,0],"9":[0,0],"10":[0,0],"11":[0]}}
,"/Users/abdel/dev/me/k1-starknet-adapter/src/logger.ts": {"path":"/Users/abdel/dev/me/k1-starknet-adapter/src/logger.ts","statementMap":{"0":{"start":{"line":1,"column":0},"end":{"line":1,"column":30}},"1":{"start":{"line":5,"column":15},"end":{"line":11,"column":2}},"2":{"start":{"line":14,"column":15},"end":{"line":20,"column":2}},"3":{"start":{"line":23,"column":0},"end":{"line":23,"column":26}},"4":{"start":{"line":26,"column":18},"end":{"line":31,"column":null}},"5":{"start":{"line":30,"column":14},"end":{"line":30,"column":64}},"6":{"start":{"line":35,"column":19},"end":{"line":38,"column":null}},"7":{"start":{"line":42,"column":19},"end":{"line":42,"column":21}},"8":{"start":{"line":45,"column":0},"end":{"line":58,"column":1}},"9":{"start":{"line":46,"column":2},"end":{"line":50,"column":4}},"10":{"start":{"line":53,"column":2},"end":{"line":57,"column":4}},"11":{"start":{"line":61,"column":0},"end":{"line":78,"column":1}},"12":{"start":{"line":63,"column":2},"end":{"line":69,"column":4}},"13":{"start":{"line":72,"column":2},"end":{"line":77,"column":4}},"14":{"start":{"line":81,"column":15},"end":{"line":92,"column":2}},"15":{"start":{"line":95,"column":32},"end":{"line":102,"column":1}},"16":{"start":{"line":96,"column":2},"end":{"line":101,"column":4}},"17":{"start":{"line":97,"column":43},"end":{"line":97,"column":91}},"18":{"start":{"line":98,"column":44},"end":{"line":98,"column":93}},"19":{"start":{"line":99,"column":43},"end":{"line":99,"column":91}},"20":{"start":{"line":100,"column":44},"end":{"line":100,"column":93}},"21":{"start":{"line":95,"column":13},"end":{"line":95,"column":32}},"22":{"start":{"line":105,"column":35},"end":{"line":113,"column":1}},"23":{"start":{"line":106,"column":2},"end":{"line":112,"column":4}},"24":{"start":{"line":107,"column":43},"end":{"line":107,"column":93}},"25":{"start":{"line":108,"column":44},"end":{"line":108,"column":95}},"26":{"start":{"line":109,"column":43},"end":{"line":109,"column":93}},"27":{"start":{"line":110,"column":44},"end":{"line":110,"column":95}},"28":{"start":{"line":111,"column":43},"end":{"line":111,"column":93}},"29":{"start":{"line":105,"column":13},"end":{"line":105,"column":35}},"30":{"start":{"line":116,"column":24},"end":{"line":123,"column":1}},"31":{"start":{"line":117,"column":18},"end":{"line":117,"column":74}},"32":{"start":{"line":118,"column":2},"end":{"line":122,"column":5}},"33":{"start":{"line":116,"column":13},"end":{"line":116,"column":24}},"34":{"start":{"line":126,"column":28},"end":{"line":133,"column":1}},"35":{"start":{"line":127,"column":2},"end":{"line":132,"column":5}},"36":{"start":{"line":126,"column":13},"end":{"line":126,"column":28}},"37":{"start":{"line":135,"column":30},"end":{"line":142,"column":1}},"38":{"start":{"line":136,"column":2},"end":{"line":141,"column":5}},"39":{"start":{"line":135,"column":13},"end":{"line":135,"column":30}},"40":{"start":{"line":144,"column":30},"end":{"line":153,"column":1}},"41":{"start":{"line":145,"column":2},"end":{"line":152,"column":5}},"42":{"start":{"line":144,"column":13},"end":{"line":144,"column":30}},"43":{"start":{"line":155,"column":29},"end":{"line":164,"column":1}},"44":{"start":{"line":156,"column":2},"end":{"line":163,"column":5}},"45":{"start":{"line":155,"column":13},"end":{"line":155,"column":29}},"46":{"start":{"line":166,"column":30},"end":{"line":176,"column":1}},"47":{"start":{"line":167,"column":2},"end":{"line":175,"column":5}},"48":{"start":{"line":166,"column":13},"end":{"line":166,"column":30}},"49":{"start":{"line":178,"column":0},"end":{"line":178,"column":22}}},"fnMap":{"0":{"name":"(anonymous_1)","decl":{"start":{"line":30,"column":4},"end":{"line":30,"column":5}},"loc":{"start":{"line":30,"column":14},"end":{"line":30,"column":64}}},"1":{"name":"(anonymous_2)","decl":{"start":{"line":95,"column":32},"end":{"line":95,"column":33}},"loc":{"start":{"line":95,"column":51},"end":{"line":102,"column":1}}},"2":{"name":"(anonymous_3)","decl":{"start":{"line":97,"column":10},"end":{"line":97,"column":11}},"loc":{"start":{"line":97,"column":43},"end":{"line":97,"column":91}}},"3":{"name":"(anonymous_4)","decl":{"start":{"line":98,"column":11},"end":{"line":98,"column":12}},"loc":{"start":{"line":98,"column":44},"end":{"line":98,"column":93}}},"4":{"name":"(anonymous_5)","decl":{"start":{"line":99,"column":10},"end":{"line":99,"column":11}},"loc":{"start":{"line":99,"column":43},"end":{"line":99,"column":91}}},"5":{"name":"(anonymous_6)","decl":{"start":{"line":100,"column":11},"end":{"line":100,"column":12}},"loc":{"start":{"line":100,"column":44},"end":{"line":100,"column":93}}},"6":{"name":"(anonymous_7)","decl":{"start":{"line":105,"column":35},"end":{"line":105,"column":36}},"loc":{"start":{"line":105,"column":57},"end":{"line":113,"column":1}}},"7":{"name":"(anonymous_8)","decl":{"start":{"line":107,"column":10},"end":{"line":107,"column":11}},"loc":{"start":{"line":107,"column":43},"end":{"line":107,"column":93}}},"8":{"name":"(anonymous_9)","decl":{"start":{"line":108,"column":11},"end":{"line":108,"column":12}},"loc":{"start":{"line":108,"column":44},"end":{"line":108,"column":95}}},"9":{"name":"(anonymous_10)","decl":{"start":{"line":109,"column":10},"end":{"line":109,"column":11}},"loc":{"start":{"line":109,"column":43},"end":{"line":109,"column":93}}},"10":{"name":"(anonymous_11)","decl":{"start":{"line":110,"column":11},"end":{"line":110,"column":12}},"loc":{"start":{"line":110,"column":44},"end":{"line":110,"column":95}}},"11":{"name":"(anonymous_12)","decl":{"start":{"line":111,"column":10},"end":{"line":111,"column":11}},"loc":{"start":{"line":111,"column":43},"end":{"line":111,"column":93}}},"12":{"name":"(anonymous_13)","decl":{"start":{"line":116,"column":24},"end":{"line":116,"column":25}},"loc":{"start":{"line":116,"column":71},"end":{"line":123,"column":1}}},"13":{"name":"(anonymous_14)","decl":{"start":{"line":126,"column":28},"end":{"line":126,"column":29}},"loc":{"start":{"line":126,"column":60},"end":{"line":133,"column":1}}},"14":{"name":"(anonymous_15)","decl":{"start":{"line":135,"column":30},"end":{"line":135,"column":31}},"loc":{"start":{"line":135,"column":62},"end":{"line":142,"column":1}}},"15":{"name":"(anonymous_16)","decl":{"start":{"line":144,"column":30},"end":{"line":144,"column":31}},"loc":{"start":{"line":144,"column":77},"end":{"line":153,"column":1}}},"16":{"name":"(anonymous_17)","decl":{"start":{"line":155,"column":29},"end":{"line":155,"column":30}},"loc":{"start":{"line":155,"column":95},"end":{"line":164,"column":1}}},"17":{"name":"(anonymous_18)","decl":{"start":{"line":166,"column":30},"end":{"line":166,"column":31}},"loc":{"start":{"line":166,"column":120},"end":{"line":176,"column":1}}}},"branchMap":{"0":{"loc":{"start":{"line":45,"column":0},"end":{"line":58,"column":1}},"type":"if","locations":[{"start":{"line":45,"column":0},"end":{"line":58,"column":1}},{"start":{"line":51,"column":7},"end":{"line":58,"column":1}}]},"1":{"loc":{"start":{"line":61,"column":0},"end":{"line":78,"column":1}},"type":"if","locations":[{"start":{"line":61,"column":0},"end":{"line":78,"column":1}}]},"2":{"loc":{"start":{"line":82,"column":9},"end":{"line":82,"column":65}},"type":"cond-expr","locations":[{"start":{"line":82,"column":49},"end":{"line":82,"column":55}},{"start":{"line":82,"column":58},"end":{"line":82,"column":65}}]},"3":{"loc":{"start":{"line":117,"column":18},"end":{"line":117,"column":74}},"type":"cond-expr","locations":[{"start":{"line":117,"column":28},"end":{"line":117,"column":58}},{"start":{"line":117,"column":61},"end":{"line":117,"column":74}}]}},"s":{"0":1,"1":1,"2":1,"3":1,"4":1,"5":0,"6":1,"7":1,"8":1,"9":1,"10":0,"11":1,"12":0,"13":0,"14":1,"15":1,"16":2,"17":2,"18":1,"19":1,"20":1,"21":1,"22":1,"23":2,"24":1,"25":1,"26":1,"27":1,"28":2,"29":1,"30":1,"31":2,"32":2,"33":1,"34":1,"35":1,"36":1,"37":1,"38":1,"39":1,"40":1,"41":1,"42":1,"43":1,"44":1,"45":1,"46":1,"47":1,"48":1,"49":1},"f":{"0":0,"1":2,"2":2,"3":1,"4":1,"5":1,"6":2,"7":1,"8":1,"9":1,"10":1,"11":2,"12":2,"13":1,"14":1,"15":1,"16":1,"17":1},"b":{"0":[1,0],"1":[0],"2":[0,1],"3":[1,1]}}
,"/Users/abdel/dev/me/k1-starknet-adapter/src/middleware.ts": {"path":"/Users/abdel/dev/me/k1-starknet-adapter/src/middleware.ts","statementMap":{"0":{"start":{"line":2,"column":0},"end":{"line":2,"column":36}},"1":{"start":{"line":3,"column":0},"end":{"line":3,"column":88}},"2":{"start":{"line":17,"column":39},"end":{"line":52,"column":1}},"3":{"start":{"line":19,"column":2},"end":{"line":19,"column":39}},"4":{"start":{"line":20,"column":2},"end":{"line":20,"column":29}},"5":{"start":{"line":23,"column":2},"end":{"line":23,"column":50}},"6":{"start":{"line":26,"column":2},"end":{"line":31,"column":5}},"7":{"start":{"line":34,"column":23},"end":{"line":34,"column":41}},"8":{"start":{"line":35,"column":2},"end":{"line":49,"column":4}},"9":{"start":{"line":36,"column":21},"end":{"line":36,"column":47}},"10":{"start":{"line":39,"column":4},"end":{"line":39,"column":82}},"11":{"start":{"line":42,"column":4},"end":{"line":46,"column":7}},"12":{"start":{"line":48,"column":4},"end":{"line":48,"column":30}},"13":{"start":{"line":51,"column":2},"end":{"line":51,"column":9}},"14":{"start":{"line":17,"column":13},"end":{"line":17,"column":39}},"15":{"start":{"line":55,"column":38},"end":{"line":120,"column":1}},"16":{"start":{"line":62,"column":2},"end":{"line":70,"column":5}},"17":{"start":{"line":73,"column":19},"end":{"line":73,"column":22}},"18":{"start":{"line":74,"column":16},"end":{"line":74,"column":39}},"19":{"start":{"line":75,"column":18},"end":{"line":75,"column":34}},"20":{"start":{"line":77,"column":2},"end":{"line":97,"column":3}},"21":{"start":{"line":78,"column":4},"end":{"line":78,"column":21}},"22":{"start":{"line":79,"column":4},"end":{"line":79,"column":37}},"23":{"start":{"line":80,"column":4},"end":{"line":80,"column":35}},"24":{"start":{"line":81,"column":9},"end":{"line":97,"column":3}},"25":{"start":{"line":82,"column":4},"end":{"line":82,"column":21}},"26":{"start":{"line":83,"column":4},"end":{"line":83,"column":29}},"27":{"start":{"line":84,"column":4},"end":{"line":84,"column":31}},"28":{"start":{"line":85,"column":9},"end":{"line":97,"column":3}},"29":{"start":{"line":86,"column":4},"end":{"line":86,"column":21}},"30":{"start":{"line":87,"column":4},"end":{"line":87,"column":35}},"31":{"start":{"line":88,"column":4},"end":{"line":88,"column":28}},"32":{"start":{"line":89,"column":9},"end":{"line":97,"column":3}},"33":{"start":{"line":90,"column":4},"end":{"line":90,"column":21}},"34":{"start":{"line":91,"column":4},"end":{"line":91,"column":32}},"35":{"start":{"line":92,"column":4},"end":{"line":92,"column":26}},"36":{"start":{"line":93,"column":9},"end":{"line":97,"column":3}},"37":{"start":{"line":94,"column":4},"end":{"line":94,"column":21}},"38":{"start":{"line":95,"column":4},"end":{"line":95,"column":34}},"39":{"start":{"line":96,"column":4},"end":{"line":96,"column":29}},"40":{"start":{"line":100,"column":24},"end":{"line":108,"column":4}},"41":{"start":{"line":111,"column":2},"end":{"line":117,"column":3}},"42":{"start":{"line":112,"column":4},"end":{"line":116,"column":13}},"43":{"start":{"line":119,"column":2},"end":{"line":119,"column":45}},"44":{"start":{"line":55,"column":13},"end":{"line":55,"column":38}},"45":{"start":{"line":123,"column":38},"end":{"line":139,"column":1}},"46":{"start":{"line":124,"column":2},"end":{"line":137,"column":3}},"47":{"start":{"line":125,"column":24},"end":{"line":125,"column":47}},"48":{"start":{"line":126,"column":4},"end":{"line":136,"column":5}},"49":{"start":{"line":127,"column":6},"end":{"line":135,"column":9}},"50":{"start":{"line":138,"column":2},"end":{"line":138,"column":16}},"51":{"start":{"line":123,"column":13},"end":{"line":123,"column":38}},"52":{"start":{"line":142,"column":45},"end":{"line":159,"column":1}},"53":{"start":{"line":143,"column":18},"end":{"line":143,"column":29}},"54":{"start":{"line":144,"column":24},"end":{"line":144,"column":66}},"55":{"start":{"line":146,"column":2},"end":{"line":156,"column":3}},"56":{"start":{"line":147,"column":4},"end":{"line":155,"column":7}},"57":{"start":{"line":158,"column":2},"end":{"line":158,"column":16}},"58":{"start":{"line":142,"column":13},"end":{"line":142,"column":45}},"59":{"start":{"line":162,"column":23},"end":{"line":162,"column":78}},"60":{"start":{"line":165,"column":9},"end":{"line":165,"column":23}},"61":{"start":{"line":167,"column":35},"end":{"line":202,"column":1}},"62":{"start":{"line":171,"column":2},"end":{"line":201,"column":4}},"63":{"start":{"line":172,"column":21},"end":{"line":172,"column":72}},"64":{"start":{"line":173,"column":16},"end":{"line":173,"column":26}},"65":{"start":{"line":175,"column":23},"end":{"line":175,"column":51}},"66":{"start":{"line":177,"column":4},"end":{"line":184,"column":5}},"67":{"start":{"line":179,"column":6},"end":{"line":182,"column":9}},"68":{"start":{"line":183,"column":6},"end":{"line":183,"column":20}},"69":{"start":{"line":186,"column":4},"end":{"line":197,"column":5}},"70":{"start":{"line":187,"column":6},"end":{"line":196,"column":9}},"71":{"start":{"line":199,"column":4},"end":{"line":199,"column":23}},"72":{"start":{"line":200,"column":4},"end":{"line":200,"column":11}},"73":{"start":{"line":167,"column":13},"end":{"line":167,"column":35}},"74":{"start":{"line":206,"column":2},"end":{"line":206,"column":53}},"75":{"start":{"line":206,"column":41},"end":{"line":206,"column":53}},"76":{"start":{"line":208,"column":20},"end":{"line":208,"column":31}},"77":{"start":{"line":209,"column":24},"end":{"line":209,"column":76}},"78":{"start":{"line":211,"column":2},"end":{"line":215,"column":3}},"79":{"start":{"line":212,"column":4},"end":{"line":214,"column":5}},"80":{"start":{"line":212,"column":40},"end":{"line":212,"column":77}},"81":{"start":{"line":213,"column":6},"end":{"line":213,"column":36}},"82":{"start":{"line":217,"column":2},"end":{"line":217,"column":19}},"83":{"start":{"line":221,"column":2},"end":{"line":221,"column":53}},"84":{"start":{"line":221,"column":41},"end":{"line":221,"column":53}},"85":{"start":{"line":223,"column":20},"end":{"line":223,"column":31}},"86":{"start":{"line":224,"column":24},"end":{"line":224,"column":76}},"87":{"start":{"line":226,"column":2},"end":{"line":230,"column":3}},"88":{"start":{"line":227,"column":4},"end":{"line":229,"column":5}},"89":{"start":{"line":227,"column":40},"end":{"line":227,"column":77}},"90":{"start":{"line":228,"column":6},"end":{"line":228,"column":36}},"91":{"start":{"line":232,"column":2},"end":{"line":232,"column":19}}},"fnMap":{"0":{"name":"(anonymous_0)","decl":{"start":{"line":17,"column":39},"end":{"line":17,"column":40}},"loc":{"start":{"line":17,"column":91},"end":{"line":52,"column":1}}},"1":{"name":"(anonymous_1)","decl":{"start":{"line":35,"column":13},"end":{"line":35,"column":22}},"loc":{"start":{"line":35,"column":31},"end":{"line":49,"column":3}}},"2":{"name":"(anonymous_2)","decl":{"start":{"line":55,"column":38},"end":{"line":55,"column":null}},"loc":{"start":{"line":60,"column":4},"end":{"line":120,"column":1}}},"3":{"name":"(anonymous_3)","decl":{"start":{"line":123,"column":38},"end":{"line":123,"column":39}},"loc":{"start":{"line":123,"column":90},"end":{"line":139,"column":1}}},"4":{"name":"(anonymous_4)","decl":{"start":{"line":142,"column":45},"end":{"line":142,"column":46}},"loc":{"start":{"line":142,"column":97},"end":{"line":159,"column":1}}},"5":{"name":"(anonymous_5)","decl":{"start":{"line":167,"column":35},"end":{"line":167,"column":null}},"loc":{"start":{"line":170,"column":4},"end":{"line":202,"column":1}}},"6":{"name":"(anonymous_6)","decl":{"start":{"line":171,"column":9},"end":{"line":171,"column":10}},"loc":{"start":{"line":171,"column":61},"end":{"line":201,"column":3}}},"7":{"name":"sanitizeBody","decl":{"start":{"line":205,"column":9},"end":{"line":205,"column":21}},"loc":{"start":{"line":205,"column":31},"end":{"line":218,"column":1}}},"8":{"name":"(anonymous_8)","decl":{"start":{"line":212,"column":27},"end":{"line":212,"column":36}},"loc":{"start":{"line":212,"column":40},"end":{"line":212,"column":77}}},"9":{"name":"sanitizeResponseBody","decl":{"start":{"line":220,"column":9},"end":{"line":220,"column":29}},"loc":{"start":{"line":220,"column":39},"end":{"line":233,"column":1}}},"10":{"name":"(anonymous_10)","decl":{"start":{"line":227,"column":27},"end":{"line":227,"column":36}},"loc":{"start":{"line":227,"column":40},"end":{"line":227,"column":77}}}},"branchMap":{"0":{"loc":{"start":{"line":28,"column":10},"end":{"line":28,"column":67}},"type":"cond-expr","locations":[{"start":{"line":28,"column":33},"end":{"line":28,"column":55}},{"start":{"line":28,"column":58},"end":{"line":28,"column":67}}]},"1":{"loc":{"start":{"line":30,"column":8},"end":{"line":30,"column":46}},"type":"binary-expr","locations":[{"start":{"line":30,"column":8},"end":{"line":30,"column":14}},{"start":{"line":30,"column":18},"end":{"line":30,"column":46}}]},"2":{"loc":{"start":{"line":69,"column":8},"end":{"line":69,"column":46}},"type":"binary-expr","locations":[{"start":{"line":69,"column":8},"end":{"line":69,"column":14}},{"start":{"line":69,"column":18},"end":{"line":69,"column":46}}]},"3":{"loc":{"start":{"line":77,"column":2},"end":{"line":97,"column":3}},"type":"if","locations":[{"start":{"line":77,"column":2},"end":{"line":97,"column":3}},{"start":{"line":81,"column":9},"end":{"line":97,"column":3}}]},"4":{"loc":{"start":{"line":81,"column":9},"end":{"line":97,"column":3}},"type":"if","locations":[{"start":{"line":81,"column":9},"end":{"line":97,"column":3}},{"start":{"line":85,"column":9},"end":{"line":97,"column":3}}]},"5":{"loc":{"start":{"line":85,"column":9},"end":{"line":97,"column":3}},"type":"if","locations":[{"start":{"line":85,"column":9},"end":{"line":97,"column":3}},{"start":{"line":89,"column":9},"end":{"line":97,"column":3}}]},"6":{"loc":{"start":{"line":89,"column":9},"end":{"line":97,"column":3}},"type":"if","locations":[{"start":{"line":89,"column":9},"end":{"line":97,"column":3}},{"start":{"line":93,"column":9},"end":{"line":97,"column":3}}]},"7":{"loc":{"start":{"line":93,"column":9},"end":{"line":97,"column":3}},"type":"if","locations":[{"start":{"line":93,"column":9},"end":{"line":97,"column":3}}]},"8":{"loc":{"start":{"line":111,"column":2},"end":{"line":117,"column":3}},"type":"if","locations":[{"start":{"line":111,"column":2},"end":{"line":117,"column":3}}]},"9":{"loc":{"start":{"line":124,"column":2},"end":{"line":137,"column":3}},"type":"if","locations":[{"start":{"line":124,"column":2},"end":{"line":137,"column":3}}]},"10":{"loc":{"start":{"line":124,"column":6},"end":{"line":124,"column":77}},"type":"binary-expr","locations":[{"start":{"line":124,"column":6},"end":{"line":124,"column":27}},{"start":{"line":124,"column":31},"end":{"line":124,"column":51}},{"start":{"line":124,"column":55},"end":{"line":124,"column":77}}]},"11":{"loc":{"start":{"line":126,"column":4},"end":{"line":136,"column":5}},"type":"if","locations":[{"start":{"line":126,"column":4},"end":{"line":136,"column":5}}]},"12":{"loc":{"start":{"line":126,"column":8},"end":{"line":126,"column":64}},"type":"binary-expr","locations":[{"start":{"line":126,"column":8},"end":{"line":126,"column":19}},{"start":{"line":126,"column":23},"end":{"line":126,"column":64}}]},"13":{"loc":{"start":{"line":144,"column":33},"end":{"line":144,"column":65}},"type":"binary-expr","locations":[{"start":{"line":144,"column":33},"end":{"line":144,"column":58}},{"start":{"line":144,"column":62},"end":{"line":144,"column":65}}]},"14":{"loc":{"start":{"line":146,"column":2},"end":{"line":156,"column":3}},"type":"if","locations":[{"start":{"line":146,"column":2},"end":{"line":156,"column":3}}]},"15":{"loc":{"start":{"line":168,"column":2},"end":{"line":168,"column":35}},"type":"default-arg","locations":[{"start":{"line":168,"column":21},"end":{"line":168,"column":35}}]},"16":{"loc":{"start":{"line":169,"column":2},"end":{"line":169,"column":27}},"type":"default-arg","locations":[{"start":{"line":169,"column":24},"end":{"line":169,"column":27}}]},"17":{"loc":{"start":{"line":172,"column":21},"end":{"line":172,"column":72}},"type":"binary-expr","locations":[{"start":{"line":172,"column":21},"end":{"line":172,"column":27}},{"start":{"line":172,"column":31},"end":{"line":172,"column":59}},{"start":{"line":172,"column":63},"end":{"line":172,"column":72}}]},"18":{"loc":{"start":{"line":177,"column":4},"end":{"line":184,"column":5}},"type":"if","locations":[{"start":{"line":177,"column":4},"end":{"line":184,"column":5}}]},"19":{"loc":{"start":{"line":177,"column":8},"end":{"line":177,"column":49}},"type":"binary-expr","locations":[{"start":{"line":177,"column":8},"end":{"line":177,"column":19}},{"start":{"line":177,"column":23},"end":{"line":177,"column":49}}]},"20":{"loc":{"start":{"line":186,"column":4},"end":{"line":197,"column":5}},"type":"if","locations":[{"start":{"line":186,"column":4},"end":{"line":197,"column":5}}]},"21":{"loc":{"start":{"line":206,"column":2},"end":{"line":206,"column":53}},"type":"if","locations":[{"start":{"line":206,"column":2},"end":{"line":206,"column":53}}]},"22":{"loc":{"start":{"line":206,"column":6},"end":{"line":206,"column":39}},"type":"binary-expr","locations":[{"start":{"line":206,"column":6},"end":{"line":206,"column":11}},{"start":{"line":206,"column":15},"end":{"line":206,"column":39}}]},"23":{"loc":{"start":{"line":212,"column":4},"end":{"line":214,"column":5}},"type":"if","locations":[{"start":{"line":212,"column":4},"end":{"line":214,"column":5}}]},"24":{"loc":{"start":{"line":221,"column":2},"end":{"line":221,"column":53}},"type":"if","locations":[{"start":{"line":221,"column":2},"end":{"line":221,"column":53}}]},"25":{"loc":{"start":{"line":221,"column":6},"end":{"line":221,"column":39}},"type":"binary-expr","locations":[{"start":{"line":221,"column":6},"end":{"line":221,"column":11}},{"start":{"line":221,"column":15},"end":{"line":221,"column":39}}]},"26":{"loc":{"start":{"line":227,"column":4},"end":{"line":229,"column":5}},"type":"if","locations":[{"start":{"line":227,"column":4},"end":{"line":229,"column":5}}]}},"s":{"0":1,"1":1,"2":1,"3":3,"4":3,"5":3,"6":3,"7":3,"8":3,"9":1,"10":1,"11":1,"12":1,"13":3,"14":1,"15":1,"16":4,"17":4,"18":4,"19":4,"20":4,"21":1,"22":1,"23":1,"24":3,"25":0,"26":0,"27":0,"28":3,"29":0,"30":0,"31":0,"32":3,"33":1,"34":1,"35":1,"36":2,"37":0,"38":0,"39":0,"40":4,"41":4,"42":1,"43":4,"44":1,"45":1,"46":3,"47":2,"48":2,"49":1,"50":2,"51":1,"52":1,"53":3,"54":3,"55":3,"56":1,"57":2,"58":1,"59":1,"60":1,"61":1,"62":3,"63":6,"64":6,"65":6,"66":6,"67":4,"68":4,"69":2,"70":1,"71":1,"72":1,"73":1,"74":5,"75":0,"76":5,"77":5,"78":5,"79":2,"80":8,"81":1,"82":5,"83":1,"84":0,"85":1,"86":1,"87":1,"88":2,"89":10,"90":0,"91":1},"f":{"0":3,"1":1,"2":4,"3":3,"4":3,"5":3,"6":6,"7":5,"8":8,"9":1,"10":10},"b":{"0":[1,2],"1":[3,0],"2":[4,0],"3":[1,3],"4":[0,3],"5":[0,3],"6":[1,2],"7":[0],"8":[1],"9":[2],"10":[3,1,1],"11":[1],"12":[2,2],"13":[3,1],"14":[1],"15":[0],"16":[0],"17":[6,0,0],"18":[4],"19":[6,3],"20":[1],"21":[0],"22":[5,5],"23":[1],"24":[0],"25":[1,1],"26":[0]}}
,"/Users/abdel/dev/me/k1-starknet-adapter/src/routes.ts": {"path":"/Users/abdel/dev/me/k1-starknet-adapter/src/routes.ts","statementMap":{"0":{"start":{"line":22,"column":0},"end":{"line":22,"column":52}},"1":{"start":{"line":23,"column":0},"end":{"line":23,"column":50}},"2":{"start":{"line":25,"column":0},"end":{"line":25,"column":90}},"3":{"start":{"line":27,"column":15},"end":{"line":27,"column":23}},"4":{"start":{"line":28,"column":23},"end":{"line":28,"column":43}},"5":{"start":{"line":45,"column":0},"end":{"line":58,"column":3}},"6":{"start":{"line":46,"column":2},"end":{"line":46,"column":44}},"7":{"start":{"line":48,"column":21},"end":{"line":55,"column":4}},"8":{"start":{"line":57,"column":2},"end":{"line":57,"column":30}},"9":{"start":{"line":88,"column":0},"end":{"line":139,"column":3}},"10":{"start":{"line":89,"column":2},"end":{"line":138,"column":3}},"11":{"start":{"line":90,"column":24},"end":{"line":90,"column":34}},"12":{"start":{"line":93,"column":4},"end":{"line":104,"column":5}},"13":{"start":{"line":94,"column":6},"end":{"line":94,"column":70}},"14":{"start":{"line":95,"column":6},"end":{"line":103,"column":9}},"15":{"start":{"line":106,"column":4},"end":{"line":106,"column":62}},"16":{"start":{"line":108,"column":24},"end":{"line":108,"column":68}},"17":{"start":{"line":110,"column":21},"end":{"line":114,"column":6}},"18":{"start":{"line":116,"column":4},"end":{"line":119,"column":7}},"19":{"start":{"line":121,"column":4},"end":{"line":121,"column":30}},"20":{"start":{"line":123,"column":4},"end":{"line":127,"column":7}},"21":{"start":{"line":129,"column":4},"end":{"line":137,"column":7}},"22":{"start":{"line":142,"column":0},"end":{"line":248,"column":3}},"23":{"start":{"line":143,"column":28},"end":{"line":143,"column":46}},"24":{"start":{"line":145,"column":2},"end":{"line":245,"column":3}},"25":{"start":{"line":146,"column":32},"end":{"line":146,"column":40}},"26":{"start":{"line":147,"column":4},"end":{"line":147,"column":54}},"27":{"start":{"line":150,"column":4},"end":{"line":153,"column":5}},"28":{"start":{"line":151,"column":6},"end":{"line":151,"column":72}},"29":{"start":{"line":152,"column":6},"end":{"line":152,"column":42}},"30":{"start":{"line":156,"column":31},"end":{"line":159,"column":70}},"31":{"start":{"line":161,"column":4},"end":{"line":164,"column":5}},"32":{"start":{"line":162,"column":6},"end":{"line":162,"column":86}},"33":{"start":{"line":163,"column":6},"end":{"line":163,"column":42}},"34":{"start":{"line":168,"column":23},"end":{"line":168,"column":28}},"35":{"start":{"line":169,"column":22},"end":{"line":169,"column":52}},"36":{"start":{"line":170,"column":26},"end":{"line":170,"column":59}},"37":{"start":{"line":172,"column":4},"end":{"line":175,"column":5}},"38":{"start":{"line":173,"column":6},"end":{"line":173,"column":71}},"39":{"start":{"line":174,"column":6},"end":{"line":174,"column":42}},"40":{"start":{"line":178,"column":24},"end":{"line":178,"column":92}},"41":{"start":{"line":181,"column":24},"end":{"line":186,"column":6}},"42":{"start":{"line":189,"column":30},"end":{"line":189,"column":61}},"43":{"start":{"line":190,"column":36},"end":{"line":190,"column":66}},"44":{"start":{"line":192,"column":19},"end":{"line":192,"column":40}},"45":{"start":{"line":193,"column":20},"end":{"line":193,"column":45}},"46":{"start":{"line":194,"column":4},"end":{"line":194,"column":31}},"47":{"start":{"line":196,"column":19},"end":{"line":196,"column":47}},"48":{"start":{"line":197,"column":27},"end":{"line":197,"column":63}},"49":{"start":{"line":198,"column":22},"end":{"line":198,"column":80}},"50":{"start":{"line":198,"column":54},"end":{"line":198,"column":79}},"51":{"start":{"line":200,"column":4},"end":{"line":204,"column":5}},"52":{"start":{"line":201,"column":6},"end":{"line":201,"column":27}},"53":{"start":{"line":202,"column":6},"end":{"line":202,"column":71}},"54":{"start":{"line":203,"column":6},"end":{"line":203,"column":42}},"55":{"start":{"line":206,"column":27},"end":{"line":206,"column":101}},"56":{"start":{"line":206,"column":80},"end":{"line":206,"column":100}},"57":{"start":{"line":207,"column":4},"end":{"line":211,"column":5}},"58":{"start":{"line":208,"column":6},"end":{"line":208,"column":27}},"59":{"start":{"line":209,"column":6},"end":{"line":209,"column":57}},"60":{"start":{"line":210,"column":6},"end":{"line":210,"column":42}},"61":{"start":{"line":213,"column":17},"end":{"line":219,"column":null}},"62":{"start":{"line":222,"column":19},"end":{"line":222,"column":46}},"63":{"start":{"line":223,"column":4},"end":{"line":223,"column":30}},"64":{"start":{"line":224,"column":28},"end":{"line":224,"column":55}},"65":{"start":{"line":226,"column":4},"end":{"line":226,"column":25}},"66":{"start":{"line":228,"column":4},"end":{"line":240,"column":5}},"67":{"start":{"line":229,"column":6},"end":{"line":229,"column":28}},"68":{"start":{"line":230,"column":6},"end":{"line":230,"column":56}},"69":{"start":{"line":231,"column":6},"end":{"line":237,"column":8}},"70":{"start":{"line":239,"column":6},"end":{"line":239,"column":74}},"71":{"start":{"line":243,"column":4},"end":{"line":243,"column":54}},"72":{"start":{"line":244,"column":4},"end":{"line":244,"column":87}},"73":{"start":{"line":247,"column":2},"end":{"line":247,"column":26}},"74":{"start":{"line":251,"column":0},"end":{"line":265,"column":3}},"75":{"start":{"line":252,"column":2},"end":{"line":264,"column":3}},"76":{"start":{"line":253,"column":4},"end":{"line":258,"column":7}},"77":{"start":{"line":260,"column":4},"end":{"line":263,"column":7}},"78":{"start":{"line":267,"column":0},"end":{"line":281,"column":3}},"79":{"start":{"line":268,"column":2},"end":{"line":280,"column":3}},"80":{"start":{"line":269,"column":4},"end":{"line":274,"column":7}},"81":{"start":{"line":276,"column":4},"end":{"line":279,"column":7}},"82":{"start":{"line":283,"column":0},"end":{"line":297,"column":3}},"83":{"start":{"line":284,"column":2},"end":{"line":296,"column":3}},"84":{"start":{"line":285,"column":4},"end":{"line":290,"column":7}},"85":{"start":{"line":292,"column":4},"end":{"line":295,"column":7}},"86":{"start":{"line":360,"column":0},"end":{"line":648,"column":3}},"87":{"start":{"line":363,"column":21},"end":{"line":363,"column":25}},"88":{"start":{"line":364,"column":24},"end":{"line":364,"column":26}},"89":{"start":{"line":366,"column":2},"end":{"line":647,"column":3}},"90":{"start":{"line":372,"column":8},"end":{"line":372,"column":16}},"91":{"start":{"line":375,"column":4},"end":{"line":388,"column":5}},"92":{"start":{"line":376,"column":6},"end":{"line":378,"column":9}},"93":{"start":{"line":379,"column":6},"end":{"line":387,"column":9}},"94":{"start":{"line":391,"column":19},"end":{"line":391,"column":93}},"95":{"start":{"line":392,"column":4},"end":{"line":403,"column":5}},"96":{"start":{"line":393,"column":6},"end":{"line":393,"column":87}},"97":{"start":{"line":394,"column":6},"end":{"line":402,"column":9}},"98":{"start":{"line":406,"column":4},"end":{"line":417,"column":5}},"99":{"start":{"line":407,"column":6},"end":{"line":407,"column":72}},"100":{"start":{"line":408,"column":6},"end":{"line":416,"column":9}},"101":{"start":{"line":419,"column":4},"end":{"line":424,"column":6}},"102":{"start":{"line":426,"column":4},"end":{"line":426,"column":67}},"103":{"start":{"line":429,"column":30},"end":{"line":429,"column":61}},"104":{"start":{"line":430,"column":36},"end":{"line":430,"column":66}},"105":{"start":{"line":433,"column":19},"end":{"line":433,"column":40}},"106":{"start":{"line":436,"column":4},"end":{"line":436,"column":40}},"107":{"start":{"line":437,"column":4},"end":{"line":437,"column":31}},"108":{"start":{"line":439,"column":4},"end":{"line":441,"column":7}},"109":{"start":{"line":444,"column":19},"end":{"line":444,"column":47}},"110":{"start":{"line":445,"column":27},"end":{"line":445,"column":63}},"111":{"start":{"line":446,"column":22},"end":{"line":446,"column":81}},"112":{"start":{"line":446,"column":54},"end":{"line":446,"column":80}},"113":{"start":{"line":448,"column":4},"end":{"line":464,"column":5}},"114":{"start":{"line":449,"column":6},"end":{"line":452,"column":9}},"115":{"start":{"line":451,"column":57},"end":{"line":451,"column":97}},"116":{"start":{"line":454,"column":6},"end":{"line":454,"column":27}},"117":{"start":{"line":455,"column":6},"end":{"line":463,"column":9}},"118":{"start":{"line":467,"column":27},"end":{"line":467,"column":101}},"119":{"start":{"line":467,"column":80},"end":{"line":467,"column":100}},"120":{"start":{"line":468,"column":4},"end":{"line":483,"column":5}},"121":{"start":{"line":469,"column":6},"end":{"line":471,"column":9}},"122":{"start":{"line":470,"column":85},"end":{"line":470,"column":129}},"123":{"start":{"line":473,"column":6},"end":{"line":473,"column":27}},"124":{"start":{"line":474,"column":6},"end":{"line":482,"column":9}},"125":{"start":{"line":485,"column":4},"end":{"line":489,"column":7}},"126":{"start":{"line":492,"column":4},"end":{"line":492,"column":43}},"127":{"start":{"line":493,"column":17},"end":{"line":500,"column":6}},"128":{"start":{"line":502,"column":4},"end":{"line":502,"column":26}},"129":{"start":{"line":503,"column":4},"end":{"line":505,"column":5}},"130":{"start":{"line":504,"column":6},"end":{"line":504,"column":63}},"131":{"start":{"line":507,"column":4},"end":{"line":507,"column":42}},"132":{"start":{"line":510,"column":4},"end":{"line":510,"column":37}},"133":{"start":{"line":512,"column":4},"end":{"line":516,"column":7}},"134":{"start":{"line":519,"column":4},"end":{"line":519,"column":78}},"135":{"start":{"line":520,"column":4},"end":{"line":520,"column":59}},"136":{"start":{"line":522,"column":19},"end":{"line":522,"column":46}},"137":{"start":{"line":523,"column":4},"end":{"line":523,"column":77}},"138":{"start":{"line":526,"column":4},"end":{"line":526,"column":30}},"139":{"start":{"line":527,"column":4},"end":{"line":529,"column":7}},"140":{"start":{"line":532,"column":4},"end":{"line":532,"column":61}},"141":{"start":{"line":533,"column":28},"end":{"line":533,"column":55}},"142":{"start":{"line":535,"column":4},"end":{"line":558,"column":5}},"143":{"start":{"line":536,"column":27},"end":{"line":536,"column":85}},"144":{"start":{"line":538,"column":6},"end":{"line":544,"column":7}},"145":{"start":{"line":539,"column":8},"end":{"line":539,"column":57}},"146":{"start":{"line":540,"column":8},"end":{"line":543,"column":11}},"147":{"start":{"line":546,"column":6},"end":{"line":546,"column":40}},"148":{"start":{"line":546,"column":19},"end":{"line":546,"column":40}},"149":{"start":{"line":547,"column":6},"end":{"line":557,"column":9}},"150":{"start":{"line":561,"column":4},"end":{"line":563,"column":7}},"151":{"start":{"line":566,"column":19},"end":{"line":566,"column":37}},"152":{"start":{"line":567,"column":17},"end":{"line":567,"column":42}},"153":{"start":{"line":569,"column":23},"end":{"line":583,"column":6}},"154":{"start":{"line":586,"column":4},"end":{"line":586,"column":40}},"155":{"start":{"line":589,"column":4},"end":{"line":589,"column":25}},"156":{"start":{"line":592,"column":4},"end":{"line":592,"column":32}},"157":{"start":{"line":596,"column":4},"end":{"line":604,"column":5}},"158":{"start":{"line":597,"column":6},"end":{"line":603,"column":7}},"159":{"start":{"line":598,"column":8},"end":{"line":598,"column":29}},"160":{"start":{"line":600,"column":8},"end":{"line":602,"column":11}},"161":{"start":{"line":606,"column":25},"end":{"line":606,"column":90}},"162":{"start":{"line":607,"column":23},"end":{"line":607,"column":71}},"163":{"start":{"line":610,"column":4},"end":{"line":612,"column":5}},"164":{"start":{"line":611,"column":6},"end":{"line":611,"column":99}},"165":{"start":{"line":614,"column":4},"end":{"line":619,"column":7}},"166":{"start":{"line":622,"column":21},"end":{"line":622,"column":24}},"167":{"start":{"line":623,"column":20},"end":{"line":623,"column":43}},"168":{"start":{"line":625,"column":4},"end":{"line":634,"column":5}},"169":{"start":{"line":626,"column":6},"end":{"line":626,"column":23}},"170":{"start":{"line":627,"column":6},"end":{"line":627,"column":41}},"171":{"start":{"line":628,"column":11},"end":{"line":634,"column":5}},"172":{"start":{"line":629,"column":6},"end":{"line":629,"column":23}},"173":{"start":{"line":630,"column":6},"end":{"line":630,"column":34}},"174":{"start":{"line":631,"column":11},"end":{"line":634,"column":5}},"175":{"start":{"line":632,"column":6},"end":{"line":632,"column":23}},"176":{"start":{"line":633,"column":6},"end":{"line":633,"column":34}},"177":{"start":{"line":636,"column":4},"end":{"line":646,"column":7}},"178":{"start":{"line":650,"column":0},"end":{"line":650,"column":22}}},"fnMap":{"0":{"name":"(anonymous_9)","decl":{"start":{"line":45,"column":22},"end":{"line":45,"column":23}},"loc":{"start":{"line":45,"column":54},"end":{"line":58,"column":1}}},"1":{"name":"(anonymous_10)","decl":{"start":{"line":88,"column":32},"end":{"line":88,"column":37}},"loc":{"start":{"line":88,"column":70},"end":{"line":139,"column":1}}},"2":{"name":"(anonymous_11)","decl":{"start":{"line":142,"column":28},"end":{"line":142,"column":33}},"loc":{"start":{"line":142,"column":66},"end":{"line":248,"column":1}}},"3":{"name":"(anonymous_12)","decl":{"start":{"line":189,"column":30},"end":{"line":189,"column":43}},"loc":{"start":{"line":189,"column":30},"end":{"line":189,"column":61}}},"4":{"name":"(anonymous_13)","decl":{"start":{"line":190,"column":36},"end":{"line":190,"column":49}},"loc":{"start":{"line":190,"column":36},"end":{"line":190,"column":66}}},"5":{"name":"(anonymous_14)","decl":{"start":{"line":198,"column":42},"end":{"line":198,"column":43}},"loc":{"start":{"line":198,"column":54},"end":{"line":198,"column":79}}},"6":{"name":"(anonymous_15)","decl":{"start":{"line":206,"column":68},"end":{"line":206,"column":69}},"loc":{"start":{"line":206,"column":80},"end":{"line":206,"column":100}}},"7":{"name":"(anonymous_16)","decl":{"start":{"line":251,"column":38},"end":{"line":251,"column":43}},"loc":{"start":{"line":251,"column":76},"end":{"line":265,"column":1}}},"8":{"name":"(anonymous_17)","decl":{"start":{"line":267,"column":40},"end":{"line":267,"column":45}},"loc":{"start":{"line":267,"column":78},"end":{"line":281,"column":1}}},"9":{"name":"(anonymous_18)","decl":{"start":{"line":283,"column":46},"end":{"line":283,"column":51}},"loc":{"start":{"line":283,"column":84},"end":{"line":297,"column":1}}},"10":{"name":"(anonymous_19)","decl":{"start":{"line":360,"column":32},"end":{"line":360,"column":37}},"loc":{"start":{"line":360,"column":70},"end":{"line":648,"column":1}}},"11":{"name":"(anonymous_20)","decl":{"start":{"line":429,"column":30},"end":{"line":429,"column":43}},"loc":{"start":{"line":429,"column":30},"end":{"line":429,"column":61}}},"12":{"name":"(anonymous_21)","decl":{"start":{"line":430,"column":36},"end":{"line":430,"column":49}},"loc":{"start":{"line":430,"column":36},"end":{"line":430,"column":66}}},"13":{"name":"(anonymous_22)","decl":{"start":{"line":446,"column":42},"end":{"line":446,"column":43}},"loc":{"start":{"line":446,"column":54},"end":{"line":446,"column":80}}},"14":{"name":"(anonymous_23)","decl":{"start":{"line":451,"column":44},"end":{"line":451,"column":45}},"loc":{"start":{"line":451,"column":57},"end":{"line":451,"column":97}}},"15":{"name":"(anonymous_24)","decl":{"start":{"line":467,"column":68},"end":{"line":467,"column":69}},"loc":{"start":{"line":467,"column":80},"end":{"line":467,"column":100}}},"16":{"name":"(anonymous_25)","decl":{"start":{"line":470,"column":72},"end":{"line":470,"column":73}},"loc":{"start":{"line":470,"column":85},"end":{"line":470,"column":129}}}},"branchMap":{"0":{"loc":{"start":{"line":53,"column":17},"end":{"line":53,"column":54}},"type":"binary-expr","locations":[{"start":{"line":53,"column":17},"end":{"line":53,"column":37}},{"start":{"line":53,"column":41},"end":{"line":53,"column":54}}]},"1":{"loc":{"start":{"line":54,"column":13},"end":{"line":54,"column":55}},"type":"binary-expr","locations":[{"start":{"line":54,"column":13},"end":{"line":54,"column":44}},{"start":{"line":54,"column":48},"end":{"line":54,"column":55}}]},"2":{"loc":{"start":{"line":93,"column":4},"end":{"line":104,"column":5}},"type":"if","locations":[{"start":{"line":93,"column":4},"end":{"line":104,"column":5}}]},"3":{"loc":{"start":{"line":93,"column":8},"end":{"line":93,"column":45}},"type":"binary-expr","locations":[{"start":{"line":93,"column":8},"end":{"line":93,"column":16}},{"start":{"line":93,"column":20},"end":{"line":93,"column":45}}]},"4":{"loc":{"start":{"line":125,"column":13},"end":{"line":125,"column":67}},"type":"cond-expr","locations":[{"start":{"line":125,"column":38},"end":{"line":125,"column":51}},{"start":{"line":125,"column":54},"end":{"line":125,"column":67}}]},"5":{"loc":{"start":{"line":126,"column":13},"end":{"line":126,"column":61}},"type":"cond-expr","locations":[{"start":{"line":126,"column":38},"end":{"line":126,"column":49}},{"start":{"line":126,"column":52},"end":{"line":126,"column":61}}]},"6":{"loc":{"start":{"line":150,"column":4},"end":{"line":153,"column":5}},"type":"if","locations":[{"start":{"line":150,"column":4},"end":{"line":153,"column":5}}]},"7":{"loc":{"start":{"line":150,"column":8},"end":{"line":150,"column":46}},"type":"binary-expr","locations":[{"start":{"line":150,"column":8},"end":{"line":150,"column":26}},{"start":{"line":150,"column":30},"end":{"line":150,"column":46}}]},"8":{"loc":{"start":{"line":156,"column":31},"end":{"line":159,"column":70}},"type":"binary-expr","locations":[{"start":{"line":156,"column":31},"end":{"line":156,"column":60}},{"start":{"line":157,"column":30},"end":{"line":157,"column":64}},{"start":{"line":158,"column":30},"end":{"line":158,"column":65}},{"start":{"line":159,"column":30},"end":{"line":159,"column":70}}]},"9":{"loc":{"start":{"line":161,"column":4},"end":{"line":164,"column":5}},"type":"if","locations":[{"start":{"line":161,"column":4},"end":{"line":164,"column":5}}]},"10":{"loc":{"start":{"line":172,"column":4},"end":{"line":175,"column":5}},"type":"if","locations":[{"start":{"line":172,"column":4},"end":{"line":175,"column":5}}]},"11":{"loc":{"start":{"line":197,"column":41},"end":{"line":197,"column":62}},"type":"binary-expr","locations":[{"start":{"line":197,"column":41},"end":{"line":197,"column":56}},{"start":{"line":197,"column":60},"end":{"line":197,"column":62}}]},"12":{"loc":{"start":{"line":200,"column":4},"end":{"line":204,"column":5}},"type":"if","locations":[{"start":{"line":200,"column":4},"end":{"line":204,"column":5}}]},"13":{"loc":{"start":{"line":206,"column":41},"end":{"line":206,"column":61}},"type":"binary-expr","locations":[{"start":{"line":206,"column":41},"end":{"line":206,"column":55}},{"start":{"line":206,"column":59},"end":{"line":206,"column":61}}]},"14":{"loc":{"start":{"line":207,"column":4},"end":{"line":211,"column":5}},"type":"if","locations":[{"start":{"line":207,"column":4},"end":{"line":211,"column":5}}]},"15":{"loc":{"start":{"line":228,"column":4},"end":{"line":240,"column":5}},"type":"if","locations":[{"start":{"line":228,"column":4},"end":{"line":240,"column":5}},{"start":{"line":238,"column":11},"end":{"line":240,"column":5}}]},"16":{"loc":{"start":{"line":244,"column":21},"end":{"line":244,"column":86}},"type":"cond-expr","locations":[{"start":{"line":244,"column":46},"end":{"line":244,"column":59}},{"start":{"line":244,"column":62},"end":{"line":244,"column":86}}]},"17":{"loc":{"start":{"line":262,"column":15},"end":{"line":262,"column":80}},"type":"cond-expr","locations":[{"start":{"line":262,"column":40},"end":{"line":262,"column":53}},{"start":{"line":262,"column":56},"end":{"line":262,"column":80}}]},"18":{"loc":{"start":{"line":278,"column":15},"end":{"line":278,"column":80}},"type":"cond-expr","locations":[{"start":{"line":278,"column":40},"end":{"line":278,"column":53}},{"start":{"line":278,"column":56},"end":{"line":278,"column":80}}]},"19":{"loc":{"start":{"line":294,"column":15},"end":{"line":294,"column":80}},"type":"cond-expr","locations":[{"start":{"line":294,"column":40},"end":{"line":294,"column":53}},{"start":{"line":294,"column":56},"end":{"line":294,"column":80}}]},"20":{"loc":{"start":{"line":371,"column":6},"end":{"line":371,"column":21}},"type":"default-arg","locations":[{"start":{"line":371,"column":16},"end":{"line":371,"column":21}}]},"21":{"loc":{"start":{"line":375,"column":4},"end":{"line":388,"column":5}},"type":"if","locations":[{"start":{"line":375,"column":4},"end":{"line":388,"column":5}}]},"22":{"loc":{"start":{"line":375,"column":8},"end":{"line":375,"column":61}},"type":"binary-expr","locations":[{"start":{"line":375,"column":8},"end":{"line":375,"column":19}},{"start":{"line":375,"column":23},"end":{"line":375,"column":44}},{"start":{"line":375,"column":48},"end":{"line":375,"column":61}}]},"23":{"loc":{"start":{"line":391,"column":19},"end":{"line":391,"column":93}},"type":"cond-expr","locations":[{"start":{"line":391,"column":52},"end":{"line":391,"column":72}},{"start":{"line":391,"column":75},"end":{"line":391,"column":93}}]},"24":{"loc":{"start":{"line":392,"column":4},"end":{"line":403,"column":5}},"type":"if","locations":[{"start":{"line":392,"column":4},"end":{"line":403,"column":5}}]},"25":{"loc":{"start":{"line":392,"column":8},"end":{"line":392,"column":36}},"type":"binary-expr","locations":[{"start":{"line":392,"column":8},"end":{"line":392,"column":21}},{"start":{"line":392,"column":25},"end":{"line":392,"column":36}}]},"26":{"loc":{"start":{"line":406,"column":4},"end":{"line":417,"column":5}},"type":"if","locations":[{"start":{"line":406,"column":4},"end":{"line":417,"column":5}}]},"27":{"loc":{"start":{"line":406,"column":8},"end":{"line":406,"column":68}},"type":"binary-expr","locations":[{"start":{"line":406,"column":8},"end":{"line":406,"column":38}},{"start":{"line":406,"column":42},"end":{"line":406,"column":68}}]},"28":{"loc":{"start":{"line":445,"column":41},"end":{"line":445,"column":62}},"type":"binary-expr","locations":[{"start":{"line":445,"column":41},"end":{"line":445,"column":56}},{"start":{"line":445,"column":60},"end":{"line":445,"column":62}}]},"29":{"loc":{"start":{"line":448,"column":4},"end":{"line":464,"column":5}},"type":"if","locations":[{"start":{"line":448,"column":4},"end":{"line":464,"column":5}}]},"30":{"loc":{"start":{"line":467,"column":41},"end":{"line":467,"column":61}},"type":"binary-expr","locations":[{"start":{"line":467,"column":41},"end":{"line":467,"column":55}},{"start":{"line":467,"column":59},"end":{"line":467,"column":61}}]},"31":{"loc":{"start":{"line":468,"column":4},"end":{"line":483,"column":5}},"type":"if","locations":[{"start":{"line":468,"column":4},"end":{"line":483,"column":5}}]},"32":{"loc":{"start":{"line":470,"column":46},"end":{"line":470,"column":66}},"type":"binary-expr","locations":[{"start":{"line":470,"column":46},"end":{"line":470,"column":60}},{"start":{"line":470,"column":64},"end":{"line":470,"column":66}}]},"33":{"loc":{"start":{"line":503,"column":4},"end":{"line":505,"column":5}},"type":"if","locations":[{"start":{"line":503,"column":4},"end":{"line":505,"column":5}}]},"34":{"loc":{"start":{"line":535,"column":4},"end":{"line":558,"column":5}},"type":"if","locations":[{"start":{"line":535,"column":4},"end":{"line":558,"column":5}}]},"35":{"loc":{"start":{"line":538,"column":6},"end":{"line":544,"column":7}},"type":"if","locations":[{"start":{"line":538,"column":6},"end":{"line":544,"column":7}}]},"36":{"loc":{"start":{"line":538,"column":10},"end":{"line":538,"column":30}},"type":"binary-expr","locations":[{"start":{"line":538,"column":10},"end":{"line":538,"column":16}},{"start":{"line":538,"column":20},"end":{"line":538,"column":30}}]},"37":{"loc":{"start":{"line":546,"column":6},"end":{"line":546,"column":40}},"type":"if","locations":[{"start":{"line":546,"column":6},"end":{"line":546,"column":40}}]},"38":{"loc":{"start":{"line":577,"column":28},"end":{"line":577,"column":42}},"type":"binary-expr","locations":[{"start":{"line":577,"column":28},"end":{"line":577,"column":34}},{"start":{"line":577,"column":38},"end":{"line":577,"column":42}}]},"39":{"loc":{"start":{"line":578,"column":21},"end":{"line":578,"column":33}},"type":"binary-expr","locations":[{"start":{"line":578,"column":21},"end":{"line":578,"column":25}},{"start":{"line":578,"column":29},"end":{"line":578,"column":33}}]},"40":{"loc":{"start":{"line":596,"column":4},"end":{"line":604,"column":5}},"type":"if","locations":[{"start":{"line":596,"column":4},"end":{"line":604,"column":5}}]},"41":{"loc":{"start":{"line":601,"column":21},"end":{"line":601,"column":87}},"type":"cond-expr","locations":[{"start":{"line":601,"column":50},"end":{"line":601,"column":67}},{"start":{"line":601,"column":70},"end":{"line":601,"column":87}}]},"42":{"loc":{"start":{"line":606,"column":25},"end":{"line":606,"column":90}},"type":"cond-expr","locations":[{"start":{"line":606,"column":50},"end":{"line":606,"column":63}},{"start":{"line":606,"column":66},"end":{"line":606,"column":90}}]},"43":{"loc":{"start":{"line":607,"column":23},"end":{"line":607,"column":71}},"type":"cond-expr","locations":[{"start":{"line":607,"column":48},"end":{"line":607,"column":59}},{"start":{"line":607,"column":62},"end":{"line":607,"column":71}}]},"44":{"loc":{"start":{"line":610,"column":4},"end":{"line":612,"column":5}},"type":"if","locations":[{"start":{"line":610,"column":4},"end":{"line":612,"column":5}}]},"45":{"loc":{"start":{"line":611,"column":29},"end":{"line":611,"column":85}},"type":"cond-expr","locations":[{"start":{"line":611,"column":54},"end":{"line":611,"column":59}},{"start":{"line":611,"column":62},"end":{"line":611,"column":85}}]},"46":{"loc":{"start":{"line":625,"column":4},"end":{"line":634,"column":5}},"type":"if","locations":[{"start":{"line":625,"column":4},"end":{"line":634,"column":5}},{"start":{"line":628,"column":11},"end":{"line":634,"column":5}}]},"47":{"loc":{"start":{"line":628,"column":11},"end":{"line":634,"column":5}},"type":"if","locations":[{"start":{"line":628,"column":11},"end":{"line":634,"column":5}},{"start":{"line":631,"column":11},"end":{"line":634,"column":5}}]},"48":{"loc":{"start":{"line":631,"column":11},"end":{"line":634,"column":5}},"type":"if","locations":[{"start":{"line":631,"column":11},"end":{"line":634,"column":5}}]},"49":{"loc":{"start":{"line":641,"column":17},"end":{"line":641,"column":82}},"type":"cond-expr","locations":[{"start":{"line":641,"column":58},"end":{"line":641,"column":70}},{"start":{"line":641,"column":73},"end":{"line":641,"column":82}}]},"50":{"loc":{"start":{"line":642,"column":16},"end":{"line":642,"column":35}},"type":"binary-expr","locations":[{"start":{"line":642,"column":16},"end":{"line":642,"column":22}},{"start":{"line":642,"column":26},"end":{"line":642,"column":35}}]}},"s":{"0":0,"1":0,"2":0,"3":0,"4":0,"5":0,"6":0,"7":0,"8":0,"9":0,"10":0,"11":0,"12":0,"13":0,"14":0,"15":0,"16":0,"17":0,"18":0,"19":0,"20":0,"21":0,"22":0,"23":0,"24":0,"25":0,"26":0,"27":0,"28":0,"29":0,"30":0,"31":0,"32":0,"33":0,"34":0,"35":0,"36":0,"37":0,"38":0,"39":0,"40":0,"41":0,"42":0,"43":0,"44":0,"45":0,"46":0,"47":0,"48":0,"49":0,"50":0,"51":0,"52":0,"53":0,"54":0,"55":0,"56":0,"57":0,"58":0,"59":0,"60":0,"61":0,"62":0,"63":0,"64":0,"65":0,"66":0,"67":0,"68":0,"69":0,"70":0,"71":0,"72":0,"73":0,"74":0,"75":0,"76":0,"77":0,"78":0,"79":0,"80":0,"81":0,"82":0,"83":0,"84":0,"85":0,"86":0,"87":0,"88":0,"89":0,"90":0,"91":0,"92":0,"93":0,"94":0,"95":0,"96":0,"97":0,"98":0,"99":0,"100":0,"101":0,"102":0,"103":0,"104":0,"105":0,"106":0,"107":0,"108":0,"109":0,"110":0,"111":0,"112":0,"113":0,"114":0,"115":0,"116":0,"117":0,"118":0,"119":0,"120":0,"121":0,"122":0,"123":0,"124":0,"125":0,"126":0,"127":0,"128":0,"129":0,"130":0,"131":0,"132":0,"133":0,"134":0,"135":0,"136":0,"137":0,"138":0,"139":0,"140":0,"141":0,"142":0,"143":0,"144":0,"145":0,"146":0,"147":0,"148":0,"149":0,"150":0,"151":0,"152":0,"153":0,"154":0,"155":0,"156":0,"157":0,"158":0,"159":0,"160":0,"161":0,"162":0,"163":0,"164":0,"165":0,"166":0,"167":0,"168":0,"169":0,"170":0,"171":0,"172":0,"173":0,"174":0,"175":0,"176":0,"177":0,"178":0},"f":{"0":0,"1":0,"2":0,"3":0,"4":0,"5":0,"6":0,"7":0,"8":0,"9":0,"10":0,"11":0,"12":0,"13":0,"14":0,"15":0,"16":0},"b":{"0":[0,0],"1":[0,0],"2":[0],"3":[0,0],"4":[0,0],"5":[0,0],"6":[0],"7":[0,0],"8":[0,0,0,0],"9":[0],"10":[0],"11":[0,0],"12":[0],"13":[0,0],"14":[0],"15":[0,0],"16":[0,0],"17":[0,0],"18":[0,0],"19":[0,0],"20":[0],"21":[0],"22":[0,0,0],"23":[0,0],"24":[0],"25":[0,0],"26":[0],"27":[0,0],"28":[0,0],"29":[0],"30":[0,0],"31":[0],"32":[0,0],"33":[0],"34":[0],"35":[0],"36":[0,0],"37":[0],"38":[0,0],"39":[0,0],"40":[0],"41":[0,0],"42":[0,0],"43":[0,0],"44":[0],"45":[0,0],"46":[0,0],"47":[0,0],"48":[0],"49":[0,0],"50":[0,0]}}
}
