TN:
SF:src/atomicConfig.ts
FN:35,createDefaultConfig
FN:60,validateConfig
FN:121,getNetworkConfig
FNF:3
FNH:0
FNDA:0,createDefaultConfig
FNDA:0,validateConfig
FNDA:0,getNetworkConfig
DA:1,0
DA:35,0
DA:36,0
DA:55,0
DA:60,0
DA:61,0
DA:67,0
DA:73,0
DA:74,0
DA:77,0
DA:78,0
DA:81,0
DA:82,0
DA:85,0
DA:86,0
DA:89,0
DA:90,0
DA:93,0
DA:94,0
DA:101,0
DA:121,0
DA:122,0
DA:128,0
LF:23
LH:0
BRDA:37,0,0,0
BRDA:37,0,1,0
BRDA:38,1,0,0
BRDA:38,1,1,0
BRDA:44,2,0,0
BRDA:44,2,1,0
BRDA:45,3,0,0
BRDA:45,3,1,0
BRDA:46,4,0,0
BRDA:46,4,1,0
BRDA:47,5,0,0
BRDA:47,5,1,0
BRDA:63,6,0,0
BRDA:63,6,1,0
BRDA:69,7,0,0
BRDA:69,7,1,0
BRDA:73,8,0,0
BRDA:77,9,0,0
BRDA:81,10,0,0
BRDA:85,11,0,0
BRDA:85,12,0,0
BRDA:85,12,1,0
BRDA:89,13,0,0
BRDA:89,14,0,0
BRDA:89,14,1,0
BRDA:93,15,0,0
BRDA:93,16,0,0
BRDA:93,16,1,0
BRF:28
BRH:0
end_of_record
TN:
SF:src/atomicSwapper.ts
FN:31,(anonymous_0)
FN:44,(anonymous_1)
FN:65,(anonymous_2)
FN:67,(anonymous_3)
FN:107,(anonymous_4)
FN:137,(anonymous_5)
FN:156,(anonymous_6)
FN:163,(anonymous_7)
FN:174,(anonymous_8)
FN:211,(anonymous_9)
FN:239,(anonymous_10)
FN:265,(anonymous_11)
FN:285,(anonymous_12)
FN:304,(anonymous_13)
FN:323,(anonymous_14)
FN:342,(anonymous_15)
FN:352,(anonymous_16)
FN:362,(anonymous_17)
FN:369,(anonymous_18)
FN:376,(anonymous_19)
FN:406,(anonymous_20)
FN:432,(anonymous_21)
FN:462,(anonymous_22)
FN:490,(anonymous_23)
FN:497,(anonymous_24)
FN:507,(anonymous_25)
FNF:26
FNH:0
FNDA:0,(anonymous_0)
FNDA:0,(anonymous_1)
FNDA:0,(anonymous_2)
FNDA:0,(anonymous_3)
FNDA:0,(anonymous_4)
FNDA:0,(anonymous_5)
FNDA:0,(anonymous_6)
FNDA:0,(anonymous_7)
FNDA:0,(anonymous_8)
FNDA:0,(anonymous_9)
FNDA:0,(anonymous_10)
FNDA:0,(anonymous_11)
FNDA:0,(anonymous_12)
FNDA:0,(anonymous_13)
FNDA:0,(anonymous_14)
FNDA:0,(anonymous_15)
FNDA:0,(anonymous_16)
FNDA:0,(anonymous_17)
FNDA:0,(anonymous_18)
FNDA:0,(anonymous_19)
FNDA:0,(anonymous_20)
FNDA:0,(anonymous_21)
FNDA:0,(anonymous_22)
FNDA:0,(anonymous_23)
FNDA:0,(anonymous_24)
FNDA:0,(anonymous_25)
DA:1,0
DA:7,0
DA:13,0
DA:17,0
DA:22,0
DA:26,0
DA:27,0
DA:28,0
DA:32,0
DA:33,0
DA:37,0
DA:38,0
DA:45,0
DA:46,0
DA:49,0
DA:51,0
DA:56,0
DA:66,0
DA:68,0
DA:84,0
DA:87,0
DA:91,0
DA:94,0
DA:96,0
DA:108,0
DA:112,0
DA:115,0
DA:117,0
DA:122,0
DA:126,0
DA:140,0
DA:141,0
DA:144,0
DA:150,0
DA:157,0
DA:164,0
DA:165,0
DA:168,0
DA:183,0
DA:184,0
DA:187,0
DA:188,0
DA:198,0
DA:200,0
DA:212,0
DA:213,0
DA:216,0
DA:217,0
DA:218,0
DA:221,0
DA:222,0
DA:226,0
DA:228,0
DA:243,0
DA:244,0
DA:247,0
DA:248,0
DA:252,0
DA:254,0
DA:266,0
DA:267,0
DA:270,0
DA:271,0
DA:272,0
DA:274,0
DA:286,0
DA:287,0
DA:290,0
DA:291,0
DA:293,0
DA:305,0
DA:306,0
DA:309,0
DA:310,0
DA:312,0
DA:324,0
DA:325,0
DA:328,0
DA:329,0
DA:331,0
DA:343,0
DA:344,0
DA:346,0
DA:353,0
DA:354,0
DA:356,0
DA:363,0
DA:370,0
DA:383,0
DA:384,0
DA:387,0
DA:398,0
DA:400,0
DA:412,0
DA:413,0
DA:416,0
DA:426,0
DA:439,0
DA:440,0
DA:443,0
DA:454,0
DA:456,0
DA:468,0
DA:469,0
DA:472,0
DA:482,0
DA:484,0
DA:491,0
DA:498,0
DA:499,0
DA:501,0
DA:508,0
DA:509,0
LF:113
LH:0
BRDA:45,0,0,0
BRDA:76,1,0,0
BRDA:76,1,1,0
BRDA:87,2,0,0
BRDA:88,3,0,0
BRDA:88,3,1,0
BRDA:98,4,0,0
BRDA:98,4,1,0
BRDA:108,5,0,0
BRDA:109,6,0,0
BRDA:109,6,1,0
BRDA:128,7,0,0
BRDA:128,7,1,0
BRDA:140,8,0,0
BRDA:164,9,0,0
BRDA:183,10,0,0
BRDA:202,11,0,0
BRDA:202,11,1,0
BRDA:212,12,0,0
BRDA:216,13,0,0
BRDA:216,13,1,0
BRDA:217,14,0,0
BRDA:230,15,0,0
BRDA:230,15,1,0
BRDA:241,16,0,0
BRDA:243,17,0,0
BRDA:256,18,0,0
BRDA:256,18,1,0
BRDA:266,19,0,0
BRDA:276,20,0,0
BRDA:276,20,1,0
BRDA:286,21,0,0
BRDA:295,22,0,0
BRDA:295,22,1,0
BRDA:305,23,0,0
BRDA:314,24,0,0
BRDA:314,24,1,0
BRDA:324,25,0,0
BRDA:333,26,0,0
BRDA:333,26,1,0
BRDA:343,27,0,0
BRDA:353,28,0,0
BRDA:380,29,0,0
BRDA:383,30,0,0
BRDA:409,31,0,0
BRDA:412,32,0,0
BRDA:436,33,0,0
BRDA:439,34,0,0
BRDA:466,35,0,0
BRDA:468,36,0,0
BRDA:498,37,0,0
BRDA:508,38,0,0
BRF:52
BRH:0
end_of_record
TN:
SF:src/balanceService.ts
FN:25,(anonymous_9)
FN:30,(anonymous_10)
FN:77,(anonymous_11)
FN:84,(anonymous_12)
FN:96,(anonymous_13)
FN:114,(anonymous_14)
FN:133,(anonymous_15)
FN:153,(anonymous_16)
FNF:8
FNH:0
FNDA:0,(anonymous_9)
FNDA:0,(anonymous_10)
FNDA:0,(anonymous_11)
FNDA:0,(anonymous_12)
FNDA:0,(anonymous_13)
FNDA:0,(anonymous_14)
FNDA:0,(anonymous_15)
FNDA:0,(anonymous_16)
DA:1,0
DA:2,0
DA:3,0
DA:6,0
DA:9,0
DA:21,0
DA:26,0
DA:27,0
DA:31,0
DA:32,0
DA:35,0
DA:36,0
DA:40,0
DA:43,0
DA:44,0
DA:47,0
DA:50,0
DA:51,0
DA:54,0
DA:57,0
DA:59,0
DA:61,0
DA:72,0
DA:73,0
DA:80,0
DA:81,0
DA:85,0
DA:86,0
DA:87,0
DA:88,0
DA:89,0
DA:90,0
DA:93,0
DA:98,0
DA:99,0
DA:102,0
DA:103,0
DA:104,0
DA:105,0
DA:108,0
DA:109,0
DA:111,0
DA:115,0
DA:116,0
DA:117,0
DA:119,0
DA:120,0
DA:123,0
DA:124,0
DA:126,0
DA:127,0
DA:130,0
DA:139,0
DA:140,0
DA:144,0
DA:145,0
DA:148,0
DA:150,0
DA:155,0
DA:156,0
DA:157,0
DA:159,0
DA:160,0
DA:161,0
DA:162,0
DA:163,0
DA:164,0
DA:167,0
DA:169,0
LF:69
LH:0
BRDA:35,0,0,0
BRDA:81,1,0,0
BRDA:81,1,1,0
BRDA:81,1,2,0
BRDA:85,2,0,0
BRDA:85,2,1,0
BRDA:87,3,0,0
BRDA:87,3,1,0
BRDA:89,4,0,0
BRDA:98,5,0,0
BRDA:98,5,1,0
BRDA:102,6,0,0
BRDA:102,6,1,0
BRDA:102,7,0,0
BRDA:102,7,1,0
BRDA:102,7,2,0
BRDA:108,8,0,0
BRDA:108,9,0,0
BRDA:108,9,1,0
BRDA:119,10,0,0
BRDA:126,11,0,0
BRDA:139,12,0,0
BRDA:155,13,0,0
BRDA:155,13,1,0
BRDA:157,14,0,0
BRDA:157,15,0,0
BRDA:157,15,1,0
BRDA:163,16,0,0
BRDA:167,17,0,0
BRDA:167,17,1,0
BRF:30
BRH:0
end_of_record
TN:
SF:src/config.ts
FN:93,validateConfig
FN:100,(anonymous_2)
FNF:2
FNH:0
FNDA:0,validateConfig
FNDA:0,(anonymous_2)
DA:15,0
DA:18,0
DA:30,0
DA:93,0
DA:94,0
DA:100,0
DA:102,0
DA:103,0
LF:8
LH:0
BRDA:32,0,0,0
BRDA:32,0,1,0
BRDA:35,1,0,0
BRDA:35,1,1,0
BRDA:38,2,0,0
BRDA:38,2,1,0
BRDA:41,3,0,0
BRDA:41,3,1,0
BRDA:44,4,0,0
BRDA:44,4,1,0
BRDA:47,5,0,0
BRDA:47,5,1,0
BRDA:50,6,0,0
BRDA:50,6,1,0
BRDA:53,7,0,0
BRDA:53,7,1,0
BRDA:56,8,0,0
BRDA:56,8,1,0
BRDA:59,9,0,0
BRDA:59,9,1,0
BRDA:62,10,0,0
BRDA:62,10,1,0
BRDA:102,11,0,0
BRF:23
BRH:0
end_of_record
TN:
SF:src/logger.ts
FN:30,(anonymous_1)
FN:95,(anonymous_2)
FN:97,(anonymous_3)
FN:98,(anonymous_4)
FN:99,(anonymous_5)
FN:100,(anonymous_6)
FN:105,(anonymous_7)
FN:107,(anonymous_8)
FN:108,(anonymous_9)
FN:109,(anonymous_10)
FN:110,(anonymous_11)
FN:111,(anonymous_12)
FN:116,(anonymous_13)
FN:126,(anonymous_14)
FN:135,(anonymous_15)
FN:144,(anonymous_16)
FN:155,(anonymous_17)
FN:166,(anonymous_18)
FNF:18
FNH:17
FNDA:0,(anonymous_1)
FNDA:2,(anonymous_2)
FNDA:2,(anonymous_3)
FNDA:1,(anonymous_4)
FNDA:1,(anonymous_5)
FNDA:1,(anonymous_6)
FNDA:2,(anonymous_7)
FNDA:1,(anonymous_8)
FNDA:1,(anonymous_9)
FNDA:1,(anonymous_10)
FNDA:1,(anonymous_11)
FNDA:2,(anonymous_12)
FNDA:2,(anonymous_13)
FNDA:1,(anonymous_14)
FNDA:1,(anonymous_15)
FNDA:1,(anonymous_16)
FNDA:1,(anonymous_17)
FNDA:1,(anonymous_18)
DA:1,1
DA:5,1
DA:14,1
DA:23,1
DA:26,1
DA:30,0
DA:35,1
DA:42,1
DA:45,1
DA:46,1
DA:53,0
DA:61,1
DA:63,0
DA:72,0
DA:81,1
DA:95,1
DA:96,2
DA:97,2
DA:98,1
DA:99,1
DA:100,1
DA:105,1
DA:106,2
DA:107,1
DA:108,1
DA:109,1
DA:110,1
DA:111,2
DA:116,1
DA:117,2
DA:118,2
DA:126,1
DA:127,1
DA:135,1
DA:136,1
DA:144,1
DA:145,1
DA:155,1
DA:156,1
DA:166,1
DA:167,1
DA:178,1
LF:42
LH:38
BRDA:45,0,0,1
BRDA:45,0,1,0
BRDA:61,1,0,0
BRDA:82,2,0,0
BRDA:82,2,1,1
BRDA:117,3,0,1
BRDA:117,3,1,1
BRF:7
BRH:4
end_of_record
TN:
SF:src/middleware.ts
FN:17,(anonymous_0)
FN:35,(anonymous_1)
FN:55,(anonymous_2)
FN:123,(anonymous_3)
FN:142,(anonymous_4)
FN:167,(anonymous_5)
FN:171,(anonymous_6)
FN:205,sanitizeBody
FN:212,(anonymous_8)
FN:220,sanitizeResponseBody
FN:227,(anonymous_10)
FNF:11
FNH:11
FNDA:3,(anonymous_0)
FNDA:1,(anonymous_1)
FNDA:4,(anonymous_2)
FNDA:3,(anonymous_3)
FNDA:3,(anonymous_4)
FNDA:3,(anonymous_5)
FNDA:6,(anonymous_6)
FNDA:5,sanitizeBody
FNDA:8,(anonymous_8)
FNDA:1,sanitizeResponseBody
FNDA:10,(anonymous_10)
DA:2,1
DA:3,1
DA:17,1
DA:19,3
DA:20,3
DA:23,3
DA:26,3
DA:34,3
DA:35,3
DA:36,1
DA:39,1
DA:42,1
DA:48,1
DA:51,3
DA:55,1
DA:62,4
DA:73,4
DA:74,4
DA:75,4
DA:77,4
DA:78,1
DA:79,1
DA:80,1
DA:81,3
DA:82,0
DA:83,0
DA:84,0
DA:85,3
DA:86,0
DA:87,0
DA:88,0
DA:89,3
DA:90,1
DA:91,1
DA:92,1
DA:93,2
DA:94,0
DA:95,0
DA:96,0
DA:100,4
DA:111,4
DA:112,1
DA:119,4
DA:123,1
DA:124,3
DA:125,2
DA:126,2
DA:127,1
DA:138,2
DA:142,1
DA:143,3
DA:144,3
DA:146,3
DA:147,1
DA:158,2
DA:162,1
DA:165,1
DA:167,1
DA:171,3
DA:172,6
DA:173,6
DA:175,6
DA:177,6
DA:179,4
DA:183,4
DA:186,2
DA:187,1
DA:199,1
DA:200,1
DA:206,5
DA:208,5
DA:209,5
DA:211,5
DA:212,8
DA:213,1
DA:217,5
DA:221,1
DA:223,1
DA:224,1
DA:226,1
DA:227,10
DA:228,0
DA:232,1
LF:83
LH:73
BRDA:28,0,0,1
BRDA:28,0,1,2
BRDA:30,1,0,3
BRDA:30,1,1,0
BRDA:69,2,0,4
BRDA:69,2,1,0
BRDA:77,3,0,1
BRDA:77,3,1,3
BRDA:81,4,0,0
BRDA:81,4,1,3
BRDA:85,5,0,0
BRDA:85,5,1,3
BRDA:89,6,0,1
BRDA:89,6,1,2
BRDA:93,7,0,0
BRDA:111,8,0,1
BRDA:124,9,0,2
BRDA:124,10,0,3
BRDA:124,10,1,1
BRDA:124,10,2,1
BRDA:126,11,0,1
BRDA:126,12,0,2
BRDA:126,12,1,2
BRDA:144,13,0,3
BRDA:144,13,1,1
BRDA:146,14,0,1
BRDA:168,15,0,0
BRDA:169,16,0,0
BRDA:172,17,0,6
BRDA:172,17,1,0
BRDA:172,17,2,0
BRDA:177,18,0,4
BRDA:177,19,0,6
BRDA:177,19,1,3
BRDA:186,20,0,1
BRDA:206,21,0,0
BRDA:206,22,0,5
BRDA:206,22,1,5
BRDA:212,23,0,1
BRDA:221,24,0,0
BRDA:221,25,0,1
BRDA:221,25,1,1
BRDA:227,26,0,0
BRF:43
BRH:31
end_of_record
TN:
SF:src/routes.ts
FN:45,(anonymous_9)
FN:88,(anonymous_10)
FN:142,(anonymous_11)
FN:189,(anonymous_12)
FN:190,(anonymous_13)
FN:198,(anonymous_14)
FN:206,(anonymous_15)
FN:251,(anonymous_16)
FN:267,(anonymous_17)
FN:283,(anonymous_18)
FN:360,(anonymous_19)
FN:429,(anonymous_20)
FN:430,(anonymous_21)
FN:446,(anonymous_22)
FN:451,(anonymous_23)
FN:467,(anonymous_24)
FN:470,(anonymous_25)
FNF:17
FNH:0
FNDA:0,(anonymous_9)
FNDA:0,(anonymous_10)
FNDA:0,(anonymous_11)
FNDA:0,(anonymous_12)
FNDA:0,(anonymous_13)
FNDA:0,(anonymous_14)
FNDA:0,(anonymous_15)
FNDA:0,(anonymous_16)
FNDA:0,(anonymous_17)
FNDA:0,(anonymous_18)
FNDA:0,(anonymous_19)
FNDA:0,(anonymous_20)
FNDA:0,(anonymous_21)
FNDA:0,(anonymous_22)
FNDA:0,(anonymous_23)
FNDA:0,(anonymous_24)
FNDA:0,(anonymous_25)
DA:22,0
DA:23,0
DA:25,0
DA:27,0
DA:28,0
DA:45,0
DA:46,0
DA:48,0
DA:57,0
DA:88,0
DA:89,0
DA:90,0
DA:93,0
DA:94,0
DA:95,0
DA:106,0
DA:108,0
DA:110,0
DA:116,0
DA:121,0
DA:123,0
DA:129,0
DA:142,0
DA:143,0
DA:145,0
DA:146,0
DA:147,0
DA:150,0
DA:151,0
DA:152,0
DA:156,0
DA:161,0
DA:162,0
DA:163,0
DA:168,0
DA:169,0
DA:170,0
DA:172,0
DA:173,0
DA:174,0
DA:178,0
DA:181,0
DA:189,0
DA:190,0
DA:192,0
DA:193,0
DA:194,0
DA:196,0
DA:197,0
DA:198,0
DA:200,0
DA:201,0
DA:202,0
DA:203,0
DA:206,0
DA:207,0
DA:208,0
DA:209,0
DA:210,0
DA:213,0
DA:222,0
DA:223,0
DA:224,0
DA:226,0
DA:228,0
DA:229,0
DA:230,0
DA:231,0
DA:239,0
DA:243,0
DA:244,0
DA:247,0
DA:251,0
DA:252,0
DA:253,0
DA:260,0
DA:267,0
DA:268,0
DA:269,0
DA:276,0
DA:283,0
DA:284,0
DA:285,0
DA:292,0
DA:360,0
DA:363,0
DA:364,0
DA:366,0
DA:372,0
DA:375,0
DA:376,0
DA:379,0
DA:391,0
DA:392,0
DA:393,0
DA:394,0
DA:406,0
DA:407,0
DA:408,0
DA:419,0
DA:426,0
DA:429,0
DA:430,0
DA:433,0
DA:436,0
DA:437,0
DA:439,0
DA:444,0
DA:445,0
DA:446,0
DA:448,0
DA:449,0
DA:451,0
DA:454,0
DA:455,0
DA:467,0
DA:468,0
DA:469,0
DA:470,0
DA:473,0
DA:474,0
DA:485,0
DA:492,0
DA:493,0
DA:502,0
DA:503,0
DA:504,0
DA:507,0
DA:510,0
DA:512,0
DA:519,0
DA:520,0
DA:522,0
DA:523,0
DA:526,0
DA:527,0
DA:532,0
DA:533,0
DA:535,0
DA:536,0
DA:538,0
DA:539,0
DA:540,0
DA:546,0
DA:547,0
DA:561,0
DA:566,0
DA:567,0
DA:569,0
DA:586,0
DA:589,0
DA:592,0
DA:596,0
DA:597,0
DA:598,0
DA:600,0
DA:606,0
DA:607,0
DA:610,0
DA:611,0
DA:614,0
DA:622,0
DA:623,0
DA:625,0
DA:626,0
DA:627,0
DA:628,0
DA:629,0
DA:630,0
DA:631,0
DA:632,0
DA:633,0
DA:636,0
DA:650,0
LF:174
LH:0
BRDA:53,0,0,0
BRDA:53,0,1,0
BRDA:54,1,0,0
BRDA:54,1,1,0
BRDA:93,2,0,0
BRDA:93,3,0,0
BRDA:93,3,1,0
BRDA:125,4,0,0
BRDA:125,4,1,0
BRDA:126,5,0,0
BRDA:126,5,1,0
BRDA:150,6,0,0
BRDA:150,7,0,0
BRDA:150,7,1,0
BRDA:156,8,0,0
BRDA:156,8,1,0
BRDA:156,8,2,0
BRDA:156,8,3,0
BRDA:161,9,0,0
BRDA:172,10,0,0
BRDA:197,11,0,0
BRDA:197,11,1,0
BRDA:200,12,0,0
BRDA:206,13,0,0
BRDA:206,13,1,0
BRDA:207,14,0,0
BRDA:228,15,0,0
BRDA:228,15,1,0
BRDA:244,16,0,0
BRDA:244,16,1,0
BRDA:262,17,0,0
BRDA:262,17,1,0
BRDA:278,18,0,0
BRDA:278,18,1,0
BRDA:294,19,0,0
BRDA:294,19,1,0
BRDA:371,20,0,0
BRDA:375,21,0,0
BRDA:375,22,0,0
BRDA:375,22,1,0
BRDA:375,22,2,0
BRDA:391,23,0,0
BRDA:391,23,1,0
BRDA:392,24,0,0
BRDA:392,25,0,0
BRDA:392,25,1,0
BRDA:406,26,0,0
BRDA:406,27,0,0
BRDA:406,27,1,0
BRDA:445,28,0,0
BRDA:445,28,1,0
BRDA:448,29,0,0
BRDA:467,30,0,0
BRDA:467,30,1,0
BRDA:468,31,0,0
BRDA:470,32,0,0
BRDA:470,32,1,0
BRDA:503,33,0,0
BRDA:535,34,0,0
BRDA:538,35,0,0
BRDA:538,36,0,0
BRDA:538,36,1,0
BRDA:546,37,0,0
BRDA:577,38,0,0
BRDA:577,38,1,0
BRDA:578,39,0,0
BRDA:578,39,1,0
BRDA:596,40,0,0
BRDA:601,41,0,0
BRDA:601,41,1,0
BRDA:606,42,0,0
BRDA:606,42,1,0
BRDA:607,43,0,0
BRDA:607,43,1,0
BRDA:610,44,0,0
BRDA:611,45,0,0
BRDA:611,45,1,0
BRDA:625,46,0,0
BRDA:625,46,1,0
BRDA:628,47,0,0
BRDA:628,47,1,0
BRDA:631,48,0,0
BRDA:641,49,0,0
BRDA:641,49,1,0
BRDA:642,50,0,0
BRDA:642,50,1,0
BRF:86
BRH:0
end_of_record
